<?xml version="1.0" encoding="UTF-8"?>
<!-- Generated by org.testng.reporters.JUnitXMLReporter -->
<testsuite ignored="6" hostname="DESKTOP-81MK3MI" failures="0" tests="3" name="Default test" time="251.734" errors="0" timestamp="22 Nov 2024 10:21:02 GMT">
  <testcase classname="New_property_Wadhghat.Change_Area_Correction" name="loginPage" time="21.65"/>
  <testcase classname="New_property_Wadhghat.Change_Area_Correction" name="WadhghatApproval" time="50.723"/>
  <testcase classname="New_property_Wadhghat.Change_Area_Correction" name="councilapproval" time="169.795"/>
  <testcase classname="New_property_Wadhghat.Change_Area_Correction" name="SearchOnCounter1" time="0.0">
    <ignored/>
  </testcase> <!-- SearchOnCounter1 -->
  <testcase classname="New_property_Wadhghat.Change_Area_Correction" name="wadhghatComplaintRegister" time="0.0">
    <ignored/>
  </testcase> <!-- wadhghatComplaintRegister -->
  <testcase classname="New_property_Wadhghat.Change_Area_Correction" name="SearchOnCounter2" time="0.0">
    <ignored/>
  </testcase> <!-- SearchOnCounter2 -->
  <testcase classname="New_property_Wadhghat.Change_Area_Correction" name="searchComplaintWadhghat" time="0.0">
    <ignored/>
  </testcase> <!-- searchComplaintWadhghat -->
  <testcase classname="New_property_Wadhghat.Change_Area_Correction" name="AddTaxes_and_UploadFiles" time="0.0">
    <ignored/>
  </testcase> <!-- AddTaxes_and_UploadFiles -->
  <testcase classname="New_property_Wadhghat.Change_Area_Correction" name="Change_area" time="0.0">
    <ignored/>
  </testcase> <!-- Change_area -->
</testsuite> <!-- Default test -->
