<?xml version="1.0" encoding="UTF-8"?>
<!-- Generated by org.testng.reporters.JUnitXMLReporter -->
<testsuite ignored="0" hostname="DESKTOP-PDB47UE" failures="0" tests="7" name="All Payments" time="517.113" errors="0" timestamp="2024-11-22T13:09:45 IST">
  <testcase classname="Payments.alltypepayments" name="CashPayment" time="103.844"/>
  <testcase classname="Payments.alltypepayments" name="AdvancePayment" time="56.178"/>
  <testcase classname="Payments.alltypepayments" name="chequePayment" time="82.665"/>
  <testcase classname="Payments.alltypepayments" name="cheque_fail" time="44.5"/>
  <testcase classname="Payments.alltypepayments" name="chequePaymentforClear" time="81.229"/>
  <testcase classname="Payments.alltypepayments" name="cheque_clear" time="50.037"/>
  <testcase classname="Payments.alltypepayments" name="Card" time="96.577"/>
</testsuite> <!-- All Payments -->
