<?xml version="1.0" encoding="UTF-8"?>
<!-- Generated by org.testng.reporters.JUnitXMLReporter -->
<testsuite ignored="0" hostname="DESKTOP-PDB47UE" failures="0" tests="8" name="All Payments" time="577.334" errors="0" timestamp="2024-11-26T18:55:21 IST">
  <testcase classname="Payments.Modewise_Payment" name="CashPayment" time="95.772"/>
  <testcase classname="Payments.Modewise_Payment" name="AdvancePayment" time="54.193"/>
  <testcase classname="Payments.Modewise_Payment" name="chequePayment" time="75.147"/>
  <testcase classname="Payments.Modewise_Payment" name="cheque_fail" time="44.366"/>
  <testcase classname="Payments.Modewise_Payment" name="chequePaymentforClear" time="79.902"/>
  <testcase classname="Payments.Modewise_Payment" name="cheque_clear" time="48.492"/>
  <testcase classname="Payments.Modewise_Payment" name="Card" time="96.23"/>
  <testcase classname="Payments.Modewise_Payment" name="ddPayment" time="80.925"/>
</testsuite> <!-- All Payments -->
