<?xml version="1.0" encoding="UTF-8"?>
<!-- Generated by org.testng.reporters.JUnitXMLReporter -->
<testsuite ignored="0" hostname="DESKTOP-PDB47UE" failures="0" tests="5" name="CollectionReport" time="382.068" errors="0" timestamp="2024-11-23T17:15:07 IST">
  <testcase classname="Reports.CollectionReports" name="chequeBounceCollectionReport" time="77.445"/>
  <testcase classname="Reports.CollectionReports" name="chequeClearedCollectionReport" time="80.63"/>
  <testcase classname="Reports.CollectionReports" name="chequeInProcessCollectionReport" time="76.987"/>
  <testcase classname="Reports.CollectionReports" name="DailyCollectionReport" time="73.449"/>
  <testcase classname="Reports.CollectionReports" name="MonthlyCollectionReport" time="72.281"/>
</testsuite> <!-- CollectionReport -->
