<?xml version="1.0" encoding="UTF-8"?>
<!-- Generated by org.testng.reporters.JUnitXMLReporter -->
<testsuite ignored="0" hostname="DESKTOP-PDB47UE" failures="1" tests="5" name="CollectionReport" time="0.025" errors="0" timestamp="2024-11-21T15:24:32 IST">
  <testcase classname="Reports.CollectionReports" name="@AfterMethod aftermethod" time="0.001">
    <failure type="java.lang.NullPointerException" message="Cannot invoke &amp;quot;com.aventstack.extentreports.ExtentReports.flush()&amp;quot; because &amp;quot;Reports.CollectionReports.extent&amp;quot; is null">
      <![CDATA[java.lang.NullPointerException: Cannot invoke "com.aventstack.extentreports.ExtentReports.flush()" because "Reports.CollectionReports.extent" is null
at Reports.CollectionReports.aftermethod(CollectionReports.java:257)
at java.base/java.util.ArrayList.forEach(ArrayList.java:1597)
... Removed 30 stack frames]]>
    </failure>
  </testcase> <!-- @AfterMethod aftermethod -->
  <testcase classname="Reports.CollectionReports" name="@AfterMethod aftermethod" time="-1.732182872212E9">
    <skipped/>
  </testcase> <!-- @AfterMethod aftermethod -->
  <testcase classname="Reports.CollectionReports" name="@AfterMethod aftermethod" time="-1.732182872215E9">
    <skipped/>
  </testcase> <!-- @AfterMethod aftermethod -->
  <testcase classname="Reports.CollectionReports" name="@AfterMethod aftermethod" time="-1.73218287222E9">
    <skipped/>
  </testcase> <!-- @AfterMethod aftermethod -->
  <testcase classname="Reports.CollectionReports" name="@AfterMethod aftermethod" time="-1.732182872224E9">
    <skipped/>
  </testcase> <!-- @AfterMethod aftermethod -->
  <testcase classname="Reports.CollectionReports" name="@AfterTest tearDown" time="-1.732182872225E9">
    <skipped/>
  </testcase> <!-- @AfterTest tearDown -->
  <testcase classname="Reports.CollectionReports" name="chequeBounceCollectionReport" time="0.001">
    <failure type="java.lang.NullPointerException" message="Cannot invoke &amp;quot;com.aventstack.extentreports.ExtentReports.createTest(String)&amp;quot; because &amp;quot;Reports.CollectionReports.extent&amp;quot; is null">
      <![CDATA[java.lang.NullPointerException: Cannot invoke "com.aventstack.extentreports.ExtentReports.createTest(String)" because "Reports.CollectionReports.extent" is null
at Reports.CollectionReports.chequeBounceCollectionReport(CollectionReports.java:36)
at java.base/java.util.ArrayList.forEach(ArrayList.java:1597)
... Removed 25 stack frames]]>
    </failure>
  </testcase> <!-- chequeBounceCollectionReport -->
  <testcase classname="Reports.CollectionReports" name="chequeClearedCollectionReport" time="0.0">
    <skipped/>
  </testcase> <!-- chequeClearedCollectionReport -->
  <testcase classname="Reports.CollectionReports" name="chequeInProcessCollectionReport" time="0.0">
    <skipped/>
  </testcase> <!-- chequeInProcessCollectionReport -->
  <testcase classname="Reports.CollectionReports" name="DailyCollectionReport" time="0.0">
    <skipped/>
  </testcase> <!-- DailyCollectionReport -->
  <testcase classname="Reports.CollectionReports" name="MonthlyCollectionReport" time="0.0">
    <skipped/>
  </testcase> <!-- MonthlyCollectionReport -->
</testsuite> <!-- CollectionReport -->
