<?xml version="1.0" encoding="UTF-8"?>
<!-- Generated by org.testng.reporters.JUnitXMLReporter -->
<testsuite ignored="0" hostname="DESKTOP-81MK3MI" failures="0" tests="11" name="CreateNewProperty" time="654.198" errors="0" timestamp="2024-10-29T19:32:25 IST">
  <testcase classname="New_property_Wadhghat.CMS_Test" name="loginPage" time="24.564"/>
  <testcase classname="New_property_Wadhghat.CMS_Test" name="cmsPageWadhghat" time="30.277"/>
  <testcase classname="New_property_Wadhghat.CMS_Test" name="cmsRegisterPageWadhghat" time="30.661"/>
  <testcase classname="New_property_Wadhghat.CMS_Test" name="cmsComplaintRegisterWadhghat" time="43.933"/>
  <testcase classname="New_property_Wadhghat.CMS_Test" name="searchComplaintWadhghat" time="54.485"/>
  <testcase classname="New_property_Wadhghat.CMS_Test" name="Dataentry_owner_info" time="41.179"/>
  <testcase classname="New_property_Wadhghat.CMS_Test" name="Dataentry_floor_info" time="52.102"/>
  <testcase classname="New_property_Wadhghat.CMS_Test" name="OldTaxex_info" time="94.666"/>
  <testcase classname="New_property_Wadhghat.CMS_Test" name="AddTaxes_and_UploadFiles" time="155.966"/>
  <testcase classname="New_property_Wadhghat.CMS_Test" name="WadhghatApproval" time="24.704"/>
  <testcase classname="New_property_Wadhghat.CMS_Test" name="councilapproval" time="96.699"/>
</testsuite> <!-- CreateNewProperty -->
