<?xml version="1.0" encoding="UTF-8"?>
<!-- Generated by org.testng.reporters.JUnitXMLReporter -->
<testsuite ignored="0" hostname="DESKTOP-PDB47UE" failures="0" tests="10" name="CreateNewProperty" time="494.743" errors="0" timestamp="2024-11-08T14:04:10 IST">
  <testcase classname="New_property_Wadhghat.CMS_Test" name="cmsPageWadhghat" time="15.069"/>
  <testcase classname="New_property_Wadhghat.CMS_Test" name="cmsRegisterPageWadhghat" time="16.784"/>
  <testcase classname="New_property_Wadhghat.CMS_Test" name="cmsComplaintRegisterWadhghat" time="20.466"/>
  <testcase classname="New_property_Wadhghat.CMS_Test" name="searchComplaintWadhghat" time="39.846"/>
  <testcase classname="New_property_Wadhghat.CMS_Test" name="Dataentry_owner_info" time="34.332"/>
  <testcase classname="New_property_Wadhghat.CMS_Test" name="Dataentry_floor_info" time="52.591"/>
  <testcase classname="New_property_Wadhghat.CMS_Test" name="OldTaxex_info" time="90.677"/>
  <testcase classname="New_property_Wadhghat.CMS_Test" name="AddTaxes_and_UploadFiles" time="119.622"/>
  <testcase classname="New_property_Wadhghat.CMS_Test" name="WadhghatApproval" time="14.857"/>
  <testcase classname="New_property_Wadhghat.CMS_Test" name="councilapproval" time="88.002"/>
</testsuite> <!-- CreateNewProperty -->
