<?xml version="1.0" encoding="UTF-8"?>
<!-- Generated by org.testng.reporters.JUnitXMLReporter -->
<testsuite ignored="0" hostname="DESKTOP-81MK3MI" failures="0" tests="10" name="CreateNewProperty" time="443.683" errors="0" timestamp="12 Dec 2024 06:35:07 GMT">
  <testcase classname="New_property_Wadhghat.CMS_Test" name="cmsPageWadhghat" time="11.835"/>
  <testcase classname="New_property_Wadhghat.CMS_Test" name="cmsRegisterPageWadhghat" time="16.13"/>
  <testcase classname="New_property_Wadhghat.CMS_Test" name="cmsComplaintRegisterWadhghat" time="18.236"/>
  <testcase classname="New_property_Wadhghat.CMS_Test" name="searchComplaintWadhghat" time="43.536"/>
  <testcase classname="New_property_Wadhghat.CMS_Test" name="Dataentry_owner_info" time="34.757"/>
  <testcase classname="New_property_Wadhghat.CMS_Test" name="Dataentry_floor_info" time="47.917"/>
  <testcase classname="New_property_Wadhghat.CMS_Test" name="OldTaxex_info" time="47.372"/>
  <testcase classname="New_property_Wadhghat.CMS_Test" name="AddTaxes_and_UploadFiles" time="116.394"/>
  <testcase classname="New_property_Wadhghat.CMS_Test" name="WadhghatApproval" time="16.808"/>
  <testcase classname="New_property_Wadhghat.CMS_Test" name="councilapproval" time="87.708"/>
</testsuite> <!-- CreateNewProperty -->
