<?xml version="1.0" encoding="UTF-8"?>
<!-- Generated by org.testng.reporters.JUnitXMLReporter -->
<testsuite ignored="0" hostname="DESKTOP-PDB47UE" failures="0" tests="10" name="CreateNewProperty" time="429.16" errors="0" timestamp="2024-11-23T16:51:05 IST">
  <testcase classname="New_property_Wadhghat.CMS_Test" name="cmsPageWadhghat" time="12.245"/>
  <testcase classname="New_property_Wadhghat.CMS_Test" name="cmsRegisterPageWadhghat" time="15.022"/>
  <testcase classname="New_property_Wadhghat.CMS_Test" name="cmsComplaintRegisterWadhghat" time="17.261"/>
  <testcase classname="New_property_Wadhghat.CMS_Test" name="searchComplaintWadhghat" time="37.831"/>
  <testcase classname="New_property_Wadhghat.CMS_Test" name="Dataentry_owner_info" time="34.757"/>
  <testcase classname="New_property_Wadhghat.CMS_Test" name="Dataentry_floor_info" time="42.923"/>
  <testcase classname="New_property_Wadhghat.CMS_Test" name="OldTaxex_info" time="49.39"/>
  <testcase classname="New_property_Wadhghat.CMS_Test" name="AddTaxes_and_UploadFiles" time="111.113"/>
  <testcase classname="New_property_Wadhghat.CMS_Test" name="WadhghatApproval" time="19.16"/>
  <testcase classname="New_property_Wadhghat.CMS_Test" name="councilapproval" time="86.85"/>
</testsuite> <!-- CreateNewProperty -->
