<?xml version="1.0" encoding="UTF-8"?>
<!-- Generated by org.testng.reporters.JUnitXMLReporter -->
<testsuite ignored="1" hostname="DESKTOP-PDB47UE" failures="0" tests="10" name="CreateNewProperty" time="471.921" errors="0" timestamp="2024-11-13T18:07:54 IST">
  <testcase classname="New_property_Wadhghat.CMS_Test" name="cmsPageWadhghat" time="15.825"/>
  <testcase classname="New_property_Wadhghat.CMS_Test" name="cmsRegisterPageWadhghat" time="15.18"/>
  <testcase classname="New_property_Wadhghat.CMS_Test" name="cmsComplaintRegisterWadhghat" time="17.154"/>
  <testcase classname="New_property_Wadhghat.CMS_Test" name="searchComplaintWadhghat" time="39.594"/>
  <testcase classname="New_property_Wadhghat.CMS_Test" name="Dataentry_owner_info" time="32.93"/>
  <testcase classname="New_property_Wadhghat.CMS_Test" name="Dataentry_floor_info" time="46.323"/>
  <testcase classname="New_property_Wadhghat.CMS_Test" name="OldTaxex_info" time="81.29"/>
  <testcase classname="New_property_Wadhghat.CMS_Test" name="AddTaxes_and_UploadFiles" time="122.815"/>
  <testcase classname="New_property_Wadhghat.CMS_Test" name="WadhghatApproval" time="13.515"/>
  <testcase classname="New_property_Wadhghat.CMS_Test" name="councilapproval" time="84.546"/>
  <testcase classname="New_property_Wadhghat.CMS_Test" name="loginPage" time="0.0">
    <ignored/>
  </testcase> <!-- loginPage -->
</testsuite> <!-- CreateNewProperty -->
