<?xml version="1.0" encoding="UTF-8"?>
<!-- Generated by org.testng.reporters.JUnitXMLReporter -->
<testsuite ignored="0" hostname="DESKTOP-81MK3MI" failures="0" tests="10" name="CreateNewProperty" time="472.803" errors="0" timestamp="29 Nov 2024 12:46:18 GMT">
  <testcase classname="New_property_Wadhghat.CMS_Test" name="cmsPageWadhghat" time="16.276"/>
  <testcase classname="New_property_Wadhghat.CMS_Test" name="cmsRegisterPageWadhghat" time="15.447"/>
  <testcase classname="New_property_Wadhghat.CMS_Test" name="cmsComplaintRegisterWadhghat" time="17.463"/>
  <testcase classname="New_property_Wadhghat.CMS_Test" name="searchComplaintWadhghat" time="40.506"/>
  <testcase classname="New_property_Wadhghat.CMS_Test" name="Dataentry_owner_info" time="33.684"/>
  <testcase classname="New_property_Wadhghat.CMS_Test" name="Dataentry_floor_info" time="52.11"/>
  <testcase classname="New_property_Wadhghat.CMS_Test" name="OldTaxex_info" time="61.374"/>
  <testcase classname="New_property_Wadhghat.CMS_Test" name="AddTaxes_and_UploadFiles" time="132.356"/>
  <testcase classname="New_property_Wadhghat.CMS_Test" name="WadhghatApproval" time="14.79"/>
  <testcase classname="New_property_Wadhghat.CMS_Test" name="councilapproval" time="85.494"/>
</testsuite> <!-- CreateNewProperty -->
