<?xml version="1.0" encoding="UTF-8"?>
<!-- Generated by org.testng.reporters.JUnitXMLReporter -->
<testsuite ignored="0" hostname="DESKTOP-81MK3MI" failures="0" tests="11" name="CreateNewProperty" time="526.429" errors="0" timestamp="13 Nov 2024 11:35:51 GMT">
  <testcase classname="New_property_Wadhghat.CMS_Test" name="cmsPageWadhghat" time="15.527"/>
  <testcase classname="New_property_Wadhghat.CMS_Test" name="cmsRegisterPageWadhghat" time="16.607"/>
  <testcase classname="New_property_Wadhghat.CMS_Test" name="cmsComplaintRegisterWadhghat" time="18.503"/>
  <testcase classname="New_property_Wadhghat.CMS_Test" name="searchComplaintWadhghat" time="41.81"/>
  <testcase classname="New_property_Wadhghat.CMS_Test" name="Dataentry_owner_info" time="33.448"/>
  <testcase classname="New_property_Wadhghat.CMS_Test" name="Dataentry_floor_info" time="49.2"/>
  <testcase classname="New_property_Wadhghat.CMS_Test" name="OldTaxex_info" time="80.123"/>
  <testcase classname="New_property_Wadhghat.CMS_Test" name="AddTaxes_and_UploadFiles" time="125.552"/>
  <testcase classname="New_property_Wadhghat.CMS_Test" name="WadhghatApproval" time="14.487"/>
  <testcase classname="New_property_Wadhghat.CMS_Test" name="councilapproval" time="85.146"/>
  <testcase classname="New_property_Wadhghat.CMS_Test" name="SearchOnCounter" time="36.085"/>
</testsuite> <!-- CreateNewProperty -->
