<?xml version="1.0" encoding="UTF-8"?>
<!-- Generated by org.testng.reporters.JUnitXMLReporter -->
<testsuite ignored="0" hostname="DESKTOP-81MK3MI" failures="0" tests="10" name="CreateNewProperty" time="492.265" errors="0" timestamp="21 Dec 2024 05:31:17 GMT">
  <testcase classname="New_property_Wadhghat.CMS_Test" name="cmsPageWadhghat" time="15.488"/>
  <testcase classname="New_property_Wadhghat.CMS_Test" name="cmsRegisterPageWadhghat" time="17.091"/>
  <testcase classname="New_property_Wadhghat.CMS_Test" name="cmsComplaintRegisterWadhghat" time="19.754"/>
  <testcase classname="New_property_Wadhghat.CMS_Test" name="searchComplaintWadhghat" time="45.918"/>
  <testcase classname="New_property_Wadhghat.CMS_Test" name="Dataentry_owner_info" time="35.385"/>
  <testcase classname="New_property_Wadhghat.CMS_Test" name="Dataentry_floor_info" time="56.614"/>
  <testcase classname="New_property_Wadhghat.CMS_Test" name="OldTaxex_info" time="67.297"/>
  <testcase classname="New_property_Wadhghat.CMS_Test" name="AddTaxes_and_UploadFiles" time="126.993"/>
  <testcase classname="New_property_Wadhghat.CMS_Test" name="WadhghatApproval" time="17.332"/>
  <testcase classname="New_property_Wadhghat.CMS_Test" name="councilapproval" time="87.646"/>
</testsuite> <!-- CreateNewProperty -->
