<?xml version="1.0" encoding="UTF-8"?>
<!-- Generated by org.testng.reporters.JUnitXMLReporter -->
<testsuite ignored="0" hostname="DESKTOP-PDB47UE" failures="1" tests="10" name="CreateNewProperty" time="424.369" errors="0" timestamp="2024-11-07T19:56:25 IST">
  <testcase classname="New_property_Wadhghat.CMS_Test" name="cmsPageWadhghat" time="12.168"/>
  <testcase classname="New_property_Wadhghat.CMS_Test" name="cmsRegisterPageWadhghat" time="14.864"/>
  <testcase classname="New_property_Wadhghat.CMS_Test" name="cmsComplaintRegisterWadhghat" time="16.091"/>
  <testcase classname="New_property_Wadhghat.CMS_Test" name="searchComplaintWadhghat" time="35.037"/>
  <testcase classname="New_property_Wadhghat.CMS_Test" name="Dataentry_owner_info" time="33.458"/>
  <testcase classname="New_property_Wadhghat.CMS_Test" name="Dataentry_floor_info" time="51.053"/>
  <testcase classname="New_property_Wadhghat.CMS_Test" name="OldTaxex_info" time="86.903"/>
  <testcase classname="New_property_Wadhghat.CMS_Test" name="AddTaxes_and_UploadFiles" time="111.161"/>
  <testcase classname="New_property_Wadhghat.CMS_Test" name="WadhghatApproval" time="13.605"/>
  <testcase classname="New_property_Wadhghat.CMS_Test" name="councilapproval" time="47.331">
    <failure type="java.lang.AssertionError" message="The stored Ekun Kar does not match the displayed Ekun Kar! Stored: null, Displayed:  expected [null] but found []">
      <![CDATA[java.lang.AssertionError: The stored Ekun Kar does not match the displayed Ekun Kar! Stored: null, Displayed:  expected [null] but found []
at New_property_Wadhghat.CMS_Test.councilapproval(CMS_Test.java:474)
at java.base/java.util.ArrayList.forEach(ArrayList.java:1597)
... Removed 30 stack frames]]>
    </failure>
  </testcase> <!-- councilapproval -->
</testsuite> <!-- CreateNewProperty -->
