<?xml version="1.0" encoding="UTF-8"?>
<!-- Generated by org.testng.reporters.JUnitXMLReporter -->
<testsuite ignored="1" hostname="DESKTOP-81MK3MI" failures="0" tests="10" name="CreateNewProperty" time="497.148" errors="0" timestamp="11 Nov 2024 12:37:12 GMT">
  <testcase classname="New_property_Wadhghat.CMS_Test" name="cmsPageWadhghat" time="15.277"/>
  <testcase classname="New_property_Wadhghat.CMS_Test" name="cmsRegisterPageWadhghat" time="17.783"/>
  <testcase classname="New_property_Wadhghat.CMS_Test" name="cmsComplaintRegisterWadhghat" time="20.276"/>
  <testcase classname="New_property_Wadhghat.CMS_Test" name="searchComplaintWadhghat" time="48.044"/>
  <testcase classname="New_property_Wadhghat.CMS_Test" name="Dataentry_owner_info" time="35.757"/>
  <testcase classname="New_property_Wadhghat.CMS_Test" name="Dataentry_floor_info" time="52.018"/>
  <testcase classname="New_property_Wadhghat.CMS_Test" name="OldTaxex_info" time="81.55"/>
  <testcase classname="New_property_Wadhghat.CMS_Test" name="AddTaxes_and_UploadFiles" time="120.811"/>
  <testcase classname="New_property_Wadhghat.CMS_Test" name="WadhghatApproval" time="15.614"/>
  <testcase classname="New_property_Wadhghat.CMS_Test" name="councilapproval" time="86.953"/>
  <testcase classname="New_property_Wadhghat.CMS_Test" name="loginPage" time="0.0">
    <ignored/>
  </testcase> <!-- loginPage -->
</testsuite> <!-- CreateNewProperty -->
