<?xml version="1.0" encoding="UTF-8"?>
<!-- Generated by org.testng.reporters.JUnitXMLReporter -->
<testsuite ignored="0" hostname="DESKTOP-PDB47UE" failures="1" tests="11" name="CreateNewProperty" time="0.071" errors="0" timestamp="2024-11-21T15:24:53 IST">
  <testcase classname="New_property_Wadhghat.CMS_Test" name="@AfterMethod aftermethod" time="0.013">
    <failure type="java.lang.NullPointerException" message="Cannot invoke &amp;quot;com.aventstack.extentreports.ExtentReports.flush()&amp;quot; because &amp;quot;New_property_Wadhghat.CMS_Test.extent&amp;quot; is null">
      <![CDATA[java.lang.NullPointerException: Cannot invoke "com.aventstack.extentreports.ExtentReports.flush()" because "New_property_Wadhghat.CMS_Test.extent" is null
at New_property_Wadhghat.CMS_Test.aftermethod(CMS_Test.java:577)
at java.base/java.util.ArrayList.forEach(ArrayList.java:1597)
... Removed 30 stack frames]]>
    </failure>
  </testcase> <!-- @AfterMethod aftermethod -->
  <testcase classname="New_property_Wadhghat.CMS_Test" name="@AfterMethod aftermethod" time="-1.732182893093E9">
    <skipped/>
  </testcase> <!-- @AfterMethod aftermethod -->
  <testcase classname="New_property_Wadhghat.CMS_Test" name="@AfterMethod aftermethod" time="-1.732182893123E9">
    <skipped/>
  </testcase> <!-- @AfterMethod aftermethod -->
  <testcase classname="New_property_Wadhghat.CMS_Test" name="@AfterTest tearDown" time="-1.732182893124E9">
    <skipped/>
  </testcase> <!-- @AfterTest tearDown -->
  <testcase classname="New_property_Wadhghat.CMS_Test" name="cmsPageWadhghat" time="0.005">
    <failure type="java.lang.NullPointerException" message="Cannot invoke &amp;quot;com.aventstack.extentreports.ExtentReports.createTest(String)&amp;quot; because &amp;quot;New_property_Wadhghat.CMS_Test.extent&amp;quot; is null">
      <![CDATA[java.lang.NullPointerException: Cannot invoke "com.aventstack.extentreports.ExtentReports.createTest(String)" because "New_property_Wadhghat.CMS_Test.extent" is null
at New_property_Wadhghat.CMS_Test.cmsPageWadhghat(CMS_Test.java:92)
at java.base/java.util.ArrayList.forEach(ArrayList.java:1597)
... Removed 25 stack frames]]>
    </failure>
  </testcase> <!-- cmsPageWadhghat -->
  <testcase classname="New_property_Wadhghat.CMS_Test" name="cmsRegisterPageWadhghat" time="0.0">
    <skipped/>
  </testcase> <!-- cmsRegisterPageWadhghat -->
  <testcase classname="New_property_Wadhghat.CMS_Test" name="cmsComplaintRegisterWadhghat" time="0.0">
    <skipped/>
  </testcase> <!-- cmsComplaintRegisterWadhghat -->
  <testcase classname="New_property_Wadhghat.CMS_Test" name="searchComplaintWadhghat" time="0.0">
    <skipped/>
  </testcase> <!-- searchComplaintWadhghat -->
  <testcase classname="New_property_Wadhghat.CMS_Test" name="Dataentry_owner_info" time="0.0">
    <skipped/>
  </testcase> <!-- Dataentry_owner_info -->
  <testcase classname="New_property_Wadhghat.CMS_Test" name="Dataentry_floor_info" time="0.0">
    <skipped/>
  </testcase> <!-- Dataentry_floor_info -->
  <testcase classname="New_property_Wadhghat.CMS_Test" name="OldTaxex_info" time="0.0">
    <skipped/>
  </testcase> <!-- OldTaxex_info -->
  <testcase classname="New_property_Wadhghat.CMS_Test" name="AddTaxes_and_UploadFiles" time="0.0">
    <skipped/>
  </testcase> <!-- AddTaxes_and_UploadFiles -->
  <testcase classname="New_property_Wadhghat.CMS_Test" name="WadhghatApproval" time="0.0">
    <skipped/>
  </testcase> <!-- WadhghatApproval -->
  <testcase classname="New_property_Wadhghat.CMS_Test" name="councilapproval" time="0.0">
    <skipped/>
  </testcase> <!-- councilapproval -->
  <testcase classname="New_property_Wadhghat.CMS_Test" name="SearchOnCounter" time="0.0">
    <skipped/>
  </testcase> <!-- SearchOnCounter -->
</testsuite> <!-- CreateNewProperty -->
