<?xml version="1.0" encoding="UTF-8"?>
<!-- Generated by org.testng.reporters.JUnitXMLReporter -->
<testsuite ignored="1" hostname="DESKTOP-PDB47UE" failures="0" tests="10" name="CreateNewProperty" time="473.591" errors="0" timestamp="2024-11-13T20:43:20 IST">
  <testcase classname="New_property_Wadhghat.CMS_Test" name="cmsPageWadhghat" time="15.457"/>
  <testcase classname="New_property_Wadhghat.CMS_Test" name="cmsRegisterPageWadhghat" time="14.984"/>
  <testcase classname="New_property_Wadhghat.CMS_Test" name="cmsComplaintRegisterWadhghat" time="16.552"/>
  <testcase classname="New_property_Wadhghat.CMS_Test" name="searchComplaintWadhghat" time="39.45"/>
  <testcase classname="New_property_Wadhghat.CMS_Test" name="Dataentry_owner_info" time="33.051"/>
  <testcase classname="New_property_Wadhghat.CMS_Test" name="Dataentry_floor_info" time="46.736"/>
  <testcase classname="New_property_Wadhghat.CMS_Test" name="OldTaxex_info" time="81.727"/>
  <testcase classname="New_property_Wadhghat.CMS_Test" name="AddTaxes_and_UploadFiles" time="121.338"/>
  <testcase classname="New_property_Wadhghat.CMS_Test" name="WadhghatApproval" time="15.017"/>
  <testcase classname="New_property_Wadhghat.CMS_Test" name="councilapproval" time="85.459"/>
  <testcase classname="New_property_Wadhghat.CMS_Test" name="loginPage" time="0.0">
    <ignored/>
  </testcase> <!-- loginPage -->
</testsuite> <!-- CreateNewProperty -->
