<?xml version="1.0" encoding="UTF-8"?>
<!-- Generated by org.testng.reporters.JUnitXMLReporter -->
<testsuite ignored="1" hostname="DESKTOP-PDB47UE" failures="0" tests="10" name="CreateNewProperty" time="522.143" errors="0" timestamp="2024-11-16T14:41:56 IST">
  <testcase classname="New_property_Wadhghat.CMS_Test" name="cmsPageWadhghat" time="15.716"/>
  <testcase classname="New_property_Wadhghat.CMS_Test" name="cmsRegisterPageWadhghat" time="14.837"/>
  <testcase classname="New_property_Wadhghat.CMS_Test" name="cmsComplaintRegisterWadhghat" time="19.661"/>
  <testcase classname="New_property_Wadhghat.CMS_Test" name="searchComplaintWadhghat" time="67.623"/>
  <testcase classname="New_property_Wadhghat.CMS_Test" name="Dataentry_owner_info" time="32.403"/>
  <testcase classname="New_property_Wadhghat.CMS_Test" name="Dataentry_floor_info" time="54.284"/>
  <testcase classname="New_property_Wadhghat.CMS_Test" name="OldTaxex_info" time="85.277"/>
  <testcase classname="New_property_Wadhghat.CMS_Test" name="AddTaxes_and_UploadFiles" time="129.511"/>
  <testcase classname="New_property_Wadhghat.CMS_Test" name="WadhghatApproval" time="15.72"/>
  <testcase classname="New_property_Wadhghat.CMS_Test" name="councilapproval" time="84.374"/>
  <testcase classname="New_property_Wadhghat.CMS_Test" name="loginPage" time="0.0">
    <ignored/>
  </testcase> <!-- loginPage -->
</testsuite> <!-- CreateNewProperty -->
