<?xml version="1.0" encoding="UTF-8"?>
<!-- Generated by org.testng.reporters.JUnitXMLReporter -->
<testsuite ignored="0" hostname="DESKTOP-PDB47UE" failures="0" tests="1" name="Login" time="35.425" errors="0" timestamp="2024-11-21T15:27:49 IST">
  <testcase classname="New_property_Wadhghat.Login" name="@BeforeTest beforetest" time="35.368">
    <failure type="java.lang.NullPointerException" message="Cannot invoke &amp;quot;String.substring(int, int)&amp;quot; because &amp;quot;check&amp;quot; is null">
      <![CDATA[java.lang.NullPointerException: Cannot invoke "String.substring(int, int)" because "check" is null
at New_property_Wadhghat.BaseDriver.GetData(BaseDriver.java:201)
at New_property_Wadhghat.Login.beforetest(Login.java:46)
... Removed 22 stack frames]]>
    </failure>
  </testcase> <!-- @BeforeTest beforetest -->
  <testcase classname="New_property_Wadhghat.Login" name="loginPage" time="0.0">
    <skipped/>
  </testcase> <!-- loginPage -->
</testsuite> <!-- Login -->
