<?xml version="1.0" encoding="UTF-8"?>
<testng-results ignored="0" total="1" passed="1" failed="0" skipped="0">
  <reporter-output>
  </reporter-output>
  <suite started-at="2024-12-21T11:32:31 IST" name="Suite" finished-at="2024-12-21T11:33:13 IST" duration-ms="41761">
    <groups>
    </groups>
    <test started-at="2024-12-21T11:32:31 IST" name="Test" finished-at="2024-12-21T11:33:13 IST" duration-ms="41761">
      <class name="SmokTesting.WebsiteHealthCheck">
        <test-method is-config="true" signature="setup()[pri:0, instance:SmokTesting.WebsiteHealthCheck@2145b572]" started-at="2024-12-21T11:32:31 IST" name="setup" finished-at="2024-12-21T11:32:35 IST" duration-ms="4433" status="PASS">
          <reporter-output>
          </reporter-output>
        </test-method> <!-- setup -->
        <test-method signature="testWebsites()[pri:0, instance:SmokTesting.WebsiteHealthCheck@2145b572]" started-at="2024-12-21T11:32:35 IST" name="testWebsites" finished-at="2024-12-21T11:33:12 IST" duration-ms="36302" status="PASS">
          <reporter-output>
          </reporter-output>
        </test-method> <!-- testWebsites -->
        <test-method is-config="true" signature="tearDown()[pri:0, instance:SmokTesting.WebsiteHealthCheck@2145b572]" started-at="2024-12-21T11:33:12 IST" name="tearDown" finished-at="2024-12-21T11:33:13 IST" duration-ms="958" status="PASS">
          <reporter-output>
          </reporter-output>
        </test-method> <!-- tearDown -->
      </class> <!-- SmokTesting.WebsiteHealthCheck -->
    </test> <!-- Test -->
  </suite> <!-- Suite -->
</testng-results>
