<?xml version="1.0" encoding="UTF-8"?>
<testsuite xmlns:xsi="http://www.w3.org/2001/XMLSchema-instance" xsi:noNamespaceSchemaLocation="https://maven.apache.org/surefire/maven-surefire-plugin/xsd/surefire-test-report-3.0.xsd" version="3.0" name="TestSuite" time="43.286" tests="1" errors="0" skipped="0" failures="0">
  <properties>
[...]
</properties>
  <testcase name="testWebsites" classname="SmokTesting.WebsiteHealthCheck" time="36.326">
    <system-out><![CDATA[Checked website: http://testbaramatimc.ptaxcollection.com:8080
Health Check Results:
loadTime: 303
isUp: true
serverInfo: null
hasElements: true
pageTitle: Baramati Nagar Parishad
httpStatus: 200
hasValidContent: true
contentType: text/html; charset=utf-8
screenshotPath: target/screenshots/2024-12-21_11-32-31/testbaramatimc.ptaxcollection.com_8080_2024-12-21_11-32-36.png
status: SUCCESS
Checked website: http://testpanvelmc.ptaxcollection.com:8080
Health Check Results:
loadTime: 1426
isUp: true
serverInfo: null
hasElements: true
pageTitle: Panvel Municipal Corporation
httpStatus: 200
hasValidContent: true
contentType: text/html; charset=utf-8
screenshotPath: target/screenshots/2024-12-21_11-32-31/testpanvelmc.ptaxcollection.com_8080_2024-12-21_11-32-38.png
status: SUCCESS
Checked website: http://testpcmc.ptaxcollection.com:8080/Pages/Login.aspx
Health Check Results:
loadTime: 1534
isUp: true
serverInfo: null
hasElements: true
pageTitle: पिंपरी चिंचवड महानगरपालिका
httpStatus: 200
hasValidContent: false
contentType: text/html; charset=utf-8
screenshotPath: target/screenshots/2024-12-21_11-32-31/testpcmc.ptaxcollection.com_8080_Pages_Login.aspx_2024-12-21_11-32-42.png
status: SUCCESS
Checked website: https://test.paywaterbill.org/waterbill/OnlineTaxAndNewConnectionPayment
Health Check Results:
isUp: false
error: Read timed out
screenshotPath: target/screenshots/2024-12-21_11-32-31/test.paywaterbill.org_waterbill_OnlineTaxAndNewConnectionPayment_error_2024-12-21_11-32-48.png
status: FAILED
Checked website: https://panvelmc.org/
Health Check Results:
loadTime: 874
isUp: true
serverInfo: null
hasElements: true
pageTitle: Panvel Municipal Corporation
httpStatus: 200
hasValidContent: true
contentType: text/html; charset=utf-8
screenshotPath: target/screenshots/2024-12-21_11-32-31/panvelmc.org__2024-12-21_11-32-49.png
status: SUCCESS
Checked website: https://cfcpanvelmc.org/
Health Check Results:
loadTime: 691
isUp: true
serverInfo: null
hasElements: true
pageTitle: Panvel Municipal Corporation
httpStatus: 200
hasValidContent: true
contentType: text/html; charset=utf-8
screenshotPath: target/screenshots/2024-12-21_11-32-31/cfcpanvelmc.org__2024-12-21_11-32-51.png
status: SUCCESS
Checked website: https://tradepanvelmc.org/SHEL/ShelHome
Health Check Results:
loadTime: 1969
isUp: true
serverInfo: null
hasElements: true
pageTitle: PMC-Trade License
httpStatus: 200
hasValidContent: true
contentType: text/html; charset=utf-8
screenshotPath: target/screenshots/2024-12-21_11-32-31/tradepanvelmc.org_SHEL_ShelHome_2024-12-21_11-32-53.png
status: SUCCESS
Checked website: https://paywaterbill.org/waterbill/OnlineTaxAndNewConnectionPayment
Health Check Results:
loadTime: 822
isUp: true
serverInfo: Kestrel
hasElements: true
pageTitle: Tax Payment
httpStatus: 200
hasValidContent: false
contentType: text/html; charset=utf-8
screenshotPath: target/screenshots/2024-12-21_11-32-31/paywaterbill.org_waterbill_OnlineTaxAndNewConnectionPayment_2024-12-21_11-32-56.png
status: SUCCESS
Checked website: https://baramatimc.org/
Health Check Results:
loadTime: 781
isUp: true
serverInfo: null
hasElements: true
pageTitle: Baramati Nagar Parishad
httpStatus: 200
hasValidContent: true
contentType: text/html; charset=utf-8
screenshotPath: target/screenshots/2024-12-21_11-32-31/baramatimc.org__2024-12-21_11-32-58.png
status: SUCCESS
Checked website: https://baramatimc.org/pages/onlinepayment.aspx
Health Check Results:
loadTime: 4188
isUp: true
serverInfo: null
hasElements: true
pageTitle: Baramati Municipal Council Online Payment and Counter Payment
httpStatus: 200
hasValidContent: false
contentType: text/html; charset=utf-8
screenshotPath: target/screenshots/2024-12-21_11-32-31/baramatimc.org_pages_onlinepayment.aspx_2024-12-21_11-33-03.png
status: SUCCESS
Checked website: https://baramatiwaterbill.ptaxcollection.com/waterbill/OnlineTaxAndNewConnectionPayment
Health Check Results:
isUp: false
error: Read timed out
screenshotPath: target/screenshots/2024-12-21_11-32-31/baramatiwaterbill.ptaxcollection.com_waterbill_OnlineTaxAndNewConnectionPayment_error_2024-12-21_11-33-08.png
status: FAILED
Checked website: https://ptaxcollection.pcmcindia.gov.in/
Health Check Results:
loadTime: 1211
isUp: true
serverInfo: null
hasElements: true
pageTitle: Pimpri Chinchwad Municipal Corporation
httpStatus: 200
hasValidContent: true
contentType: text/html; charset=utf-8
screenshotPath: target/screenshots/2024-12-21_11-32-31/ptaxcollection.pcmcindia.gov.in__2024-12-21_11-33-12.png
status: SUCCESS
]]></system-out>
    <system-err><![CDATA[Dec 21, 2024 11:32:35 AM org.openqa.selenium.devtools.CdpVersionFinder findNearestMatch
WARNING: Unable to find CDP implementation matching 131
Dec 21, 2024 11:32:35 AM org.openqa.selenium.chromium.ChromiumDriver lambda$new$5
WARNING: Unable to find version of CDP to use for 131.0.6778.205. You may need to include a dependency on a specific version of the CDP using something similar to `org.seleniumhq.selenium:selenium-devtools-v86:4.19.1` where the version ("v86") matches the version of the chromium-based browser you're using and the version number of the artifact is the same as Selenium's.
]]></system-err>
  </testcase>
</testsuite>