<?xml version="1.0" encoding="UTF-8"?>
<testng-results ignored="0" total="6" passed="6" failed="0" skipped="0">
  <reporter-output>
  </reporter-output>
  <suite started-at="2024-12-21T11:59:00Z" name="Default suite" finished-at="2024-12-21T12:05:07Z" duration-ms="367013">
    <groups>
    </groups>
    <test started-at="2024-12-21T11:59:00Z" name="Default test" finished-at="2024-12-21T12:05:07Z" duration-ms="367013">
      <class name="Trade_Panvel.Trade_Application_Approval">
        <test-method is-config="true" signature="beforetest()[pri:0, instance:Trade_Panvel.Trade_Application_Approval@7ac296f6]" started-at="2024-12-21T17:29:00Z" name="beforetest" finished-at="2024-12-21T17:29:10Z" duration-ms="10563" status="PASS">
          <reporter-output>
          </reporter-output>
        </test-method> <!-- beforetest -->
        <test-method signature="loginPage()[pri:1, instance:Trade_Panvel.Trade_Application_Approval@7ac296f6]" started-at="2024-12-21T17:29:10Z" name="loginPage" finished-at="2024-12-21T17:29:27Z" duration-ms="16396" status="PASS">
          <reporter-output>
          </reporter-output>
        </test-method> <!-- loginPage -->
        <test-method is-config="true" signature="aftermethod(org.testng.ITestResult, java.lang.reflect.Method)[pri:0, instance:Trade_Panvel.Trade_Application_Approval@7ac296f6]" started-at="2024-12-21T17:29:27Z" name="aftermethod" finished-at="2024-12-21T17:29:28Z" duration-ms="799" status="PASS">
          <params>
            <param index="0">
              <value>
                <![CDATA[[TestResult name=loginPage status=SUCCESS method=Trade_Application_Approval.loginPage()[pri:1, instance:Trade_Panvel.Trade_Application_Approval@7ac296f6] output={null}]]]>
              </value>
            </param>
            <param index="1">
              <value>
                <![CDATA[public void Trade_Panvel.Trade_Application_Approval.loginPage() throws java.lang.InterruptedException]]>
              </value>
            </param>
          </params>
          <reporter-output>
          </reporter-output>
        </test-method> <!-- aftermethod -->
        <test-method signature="dataEntry()[pri:2, instance:Trade_Panvel.Trade_Application_Approval@7ac296f6]" started-at="2024-12-21T17:29:28Z" name="dataEntry" finished-at="2024-12-21T17:30:57Z" duration-ms="89675" status="PASS">
          <reporter-output>
          </reporter-output>
        </test-method> <!-- dataEntry -->
        <test-method is-config="true" signature="aftermethod(org.testng.ITestResult, java.lang.reflect.Method)[pri:0, instance:Trade_Panvel.Trade_Application_Approval@7ac296f6]" started-at="2024-12-21T17:30:57Z" name="aftermethod" finished-at="2024-12-21T17:30:57Z" duration-ms="228" status="PASS">
          <params>
            <param index="0">
              <value>
                <![CDATA[[TestResult name=dataEntry status=SUCCESS method=Trade_Application_Approval.dataEntry()[pri:2, instance:Trade_Panvel.Trade_Application_Approval@7ac296f6] output={null}]]]>
              </value>
            </param>
            <param index="1">
              <value>
                <![CDATA[public void Trade_Panvel.Trade_Application_Approval.dataEntry() throws java.lang.Exception]]>
              </value>
            </param>
          </params>
          <reporter-output>
          </reporter-output>
        </test-method> <!-- aftermethod -->
        <test-method signature="applicationapproval1()[pri:3, instance:Trade_Panvel.Trade_Application_Approval@7ac296f6]" started-at="2024-12-21T17:30:57Z" name="applicationapproval1" finished-at="2024-12-21T17:31:52Z" duration-ms="54708" status="PASS">
          <reporter-output>
          </reporter-output>
        </test-method> <!-- applicationapproval1 -->
        <test-method is-config="true" signature="aftermethod(org.testng.ITestResult, java.lang.reflect.Method)[pri:0, instance:Trade_Panvel.Trade_Application_Approval@7ac296f6]" started-at="2024-12-21T17:31:52Z" name="aftermethod" finished-at="2024-12-21T17:31:52Z" duration-ms="295" status="PASS">
          <params>
            <param index="0">
              <value>
                <![CDATA[[TestResult name=applicationapproval1 status=SUCCESS method=Trade_Application_Approval.applicationapproval1()[pri:3, instance:Trade_Panvel.Trade_Application_Approval@7ac296f6] output={null}]]]>
              </value>
            </param>
            <param index="1">
              <value>
                <![CDATA[public void Trade_Panvel.Trade_Application_Approval.applicationapproval1() throws java.lang.Exception]]>
              </value>
            </param>
          </params>
          <reporter-output>
          </reporter-output>
        </test-method> <!-- aftermethod -->
        <test-method signature="applicationapproval2()[pri:4, instance:Trade_Panvel.Trade_Application_Approval@7ac296f6]" started-at="2024-12-21T17:31:52Z" name="applicationapproval2" finished-at="2024-12-21T17:32:47Z" duration-ms="54882" status="PASS">
          <reporter-output>
          </reporter-output>
        </test-method> <!-- applicationapproval2 -->
        <test-method is-config="true" signature="aftermethod(org.testng.ITestResult, java.lang.reflect.Method)[pri:0, instance:Trade_Panvel.Trade_Application_Approval@7ac296f6]" started-at="2024-12-21T17:32:47Z" name="aftermethod" finished-at="2024-12-21T17:32:48Z" duration-ms="284" status="PASS">
          <params>
            <param index="0">
              <value>
                <![CDATA[[TestResult name=applicationapproval2 status=SUCCESS method=Trade_Application_Approval.applicationapproval2()[pri:4, instance:Trade_Panvel.Trade_Application_Approval@7ac296f6] output={null}]]]>
              </value>
            </param>
            <param index="1">
              <value>
                <![CDATA[public void Trade_Panvel.Trade_Application_Approval.applicationapproval2() throws java.lang.Exception]]>
              </value>
            </param>
          </params>
          <reporter-output>
          </reporter-output>
        </test-method> <!-- aftermethod -->
        <test-method signature="licensepayment()[pri:5, instance:Trade_Panvel.Trade_Application_Approval@7ac296f6]" started-at="2024-12-21T17:32:48Z" name="licensepayment" finished-at="2024-12-21T17:33:07Z" duration-ms="19080" status="PASS">
          <reporter-output>
          </reporter-output>
        </test-method> <!-- licensepayment -->
        <test-method is-config="true" signature="aftermethod(org.testng.ITestResult, java.lang.reflect.Method)[pri:0, instance:Trade_Panvel.Trade_Application_Approval@7ac296f6]" started-at="2024-12-21T17:33:07Z" name="aftermethod" finished-at="2024-12-21T17:33:07Z" duration-ms="306" status="PASS">
          <params>
            <param index="0">
              <value>
                <![CDATA[[TestResult name=licensepayment status=SUCCESS method=Trade_Application_Approval.licensepayment()[pri:5, instance:Trade_Panvel.Trade_Application_Approval@7ac296f6] output={null}]]]>
              </value>
            </param>
            <param index="1">
              <value>
                <![CDATA[public void Trade_Panvel.Trade_Application_Approval.licensepayment() throws java.lang.Exception]]>
              </value>
            </param>
          </params>
          <reporter-output>
          </reporter-output>
        </test-method> <!-- aftermethod -->
        <test-method signature="finalApproval()[pri:6, instance:Trade_Panvel.Trade_Application_Approval@7ac296f6]" started-at="2024-12-21T17:33:07Z" name="finalApproval" finished-at="2024-12-21T17:35:06Z" duration-ms="119217" status="PASS">
          <reporter-output>
          </reporter-output>
        </test-method> <!-- finalApproval -->
        <test-method is-config="true" signature="aftermethod(org.testng.ITestResult, java.lang.reflect.Method)[pri:0, instance:Trade_Panvel.Trade_Application_Approval@7ac296f6]" started-at="2024-12-21T17:35:06Z" name="aftermethod" finished-at="2024-12-21T17:35:07Z" duration-ms="506" status="PASS">
          <params>
            <param index="0">
              <value>
                <![CDATA[[TestResult name=finalApproval status=SUCCESS method=Trade_Application_Approval.finalApproval()[pri:6, instance:Trade_Panvel.Trade_Application_Approval@7ac296f6] output={null}]]]>
              </value>
            </param>
            <param index="1">
              <value>
                <![CDATA[public void Trade_Panvel.Trade_Application_Approval.finalApproval() throws java.lang.Exception]]>
              </value>
            </param>
          </params>
          <reporter-output>
          </reporter-output>
        </test-method> <!-- aftermethod -->
        <test-method is-config="true" signature="aftertest()[pri:0, instance:Trade_Panvel.Trade_Application_Approval@7ac296f6]" started-at="2024-12-21T17:35:07Z" name="aftertest" finished-at="2024-12-21T17:35:07Z" duration-ms="20" status="PASS">
          <reporter-output>
          </reporter-output>
        </test-method> <!-- aftertest -->
      </class> <!-- Trade_Panvel.Trade_Application_Approval -->
    </test> <!-- Default test -->
  </suite> <!-- Default suite -->
</testng-results>
