<?xml version="1.0" encoding="UTF-8"?>
<testng-results ignored="0" total="4" passed="3" failed="1" skipped="0">
  <reporter-output>
  </reporter-output>
  <suite started-at="2024-11-11T13:57:13Z" name="Default suite" finished-at="2024-11-11T14:00:10Z" duration-ms="176776">
    <groups>
    </groups>
    <test started-at="2024-11-11T13:57:13Z" name="Default test" finished-at="2024-11-11T14:00:10Z" duration-ms="176776">
      <class name="Reports.DownloadReports">
        <test-method is-config="true" signature="beforetest()[pri:0, instance:Reports.DownloadReports@41488b16]" started-at="2024-11-11T19:27:13Z" name="beforetest" finished-at="2024-11-11T19:27:18Z" duration-ms="5009" status="PASS">
          <reporter-output>
          </reporter-output>
        </test-method> <!-- beforetest -->
        <test-method signature="loginPage()[pri:1, instance:Reports.DownloadReports@41488b16]" started-at="2024-11-11T19:27:18Z" name="loginPage" finished-at="2024-11-11T19:27:40Z" duration-ms="22282" status="PASS">
          <reporter-output>
          </reporter-output>
        </test-method> <!-- loginPage -->
        <test-method is-config="true" signature="aftermethod(org.testng.ITestResult, java.lang.reflect.Method)[pri:0, instance:Reports.DownloadReports@41488b16]" started-at="2024-11-11T19:27:40Z" name="aftermethod" finished-at="2024-11-11T19:27:41Z" duration-ms="736" status="PASS">
          <params>
            <param index="0">
              <value>
                <![CDATA[[TestResult name=loginPage status=SUCCESS method=DownloadReports.loginPage()[pri:1, instance:Reports.DownloadReports@41488b16] output={null}]]]>
              </value>
            </param>
            <param index="1">
              <value>
                <![CDATA[public void Reports.DownloadReports.loginPage() throws java.lang.InterruptedException]]>
              </value>
            </param>
          </params>
          <reporter-output>
          </reporter-output>
        </test-method> <!-- aftermethod -->
        <test-method signature="DownloadCounterReports()[pri:2, instance:Reports.DownloadReports@41488b16]" started-at="2024-11-11T19:27:41Z" name="DownloadCounterReports" finished-at="2024-11-11T19:28:42Z" duration-ms="60597" status="FAIL">
          <exception class="org.openqa.selenium.TimeoutException">
            <message>
              <![CDATA[Expected condition failed: waiting for visibility of Proxy element for: DefaultElementLocator 'By.xpath: //*[@id='ContentPlaceHolder1_btnShowNoticeBill']' (tried for 7 second(s) with 500 milliseconds interval)]]>
            </message>
            <full-stacktrace>
              <![CDATA[org.openqa.selenium.TimeoutException: Expected condition failed: waiting for visibility of Proxy element for: DefaultElementLocator 'By.xpath: //*[@id='ContentPlaceHolder1_btnShowNoticeBill']' (tried for 7 second(s) with 500 milliseconds interval)
	at org.openqa.selenium.support.ui.WebDriverWait.timeoutException(WebDriverWait.java:84)
	at org.openqa.selenium.support.ui.FluentWait.until(FluentWait.java:228)
	at pom.CounterPaymentPage.click_noticeBill(CounterPaymentPage.java:204)
	at Reports.DownloadReports.DownloadCounterReports(DownloadReports.java:110)
	at java.base/jdk.internal.reflect.DirectMethodHandleAccessor.invoke(DirectMethodHandleAccessor.java:103)
	at java.base/java.lang.reflect.Method.invoke(Method.java:580)
	at org.testng.internal.MethodInvocationHelper.invokeMethod(MethodInvocationHelper.java:108)
	at org.testng.internal.Invoker.invokeMethod(Invoker.java:661)
	at org.testng.internal.Invoker.invokeTestMethod(Invoker.java:869)
	at org.testng.internal.Invoker.invokeTestMethods(Invoker.java:1193)
	at org.testng.internal.TestMethodWorker.invokeTestMethods(TestMethodWorker.java:126)
	at org.testng.internal.TestMethodWorker.run(TestMethodWorker.java:109)
	at org.testng.TestRunner.privateRun(TestRunner.java:744)
	at org.testng.TestRunner.run(TestRunner.java:602)
	at org.testng.SuiteRunner.runTest(SuiteRunner.java:380)
	at org.testng.SuiteRunner.runSequentially(SuiteRunner.java:375)
	at org.testng.SuiteRunner.privateRun(SuiteRunner.java:340)
	at org.testng.SuiteRunner.run(SuiteRunner.java:289)
	at org.testng.SuiteRunnerWorker.runSuite(SuiteRunnerWorker.java:52)
	at org.testng.SuiteRunnerWorker.run(SuiteRunnerWorker.java:86)
	at org.testng.TestNG.runSuitesSequentially(TestNG.java:1301)
	at org.testng.TestNG.runSuitesLocally(TestNG.java:1226)
	at org.testng.TestNG.runSuites(TestNG.java:1144)
	at org.testng.TestNG.run(TestNG.java:1115)
	at org.testng.remote.AbstractRemoteTestNG.run(AbstractRemoteTestNG.java:115)
	at org.testng.remote.RemoteTestNG.initAndRun(RemoteTestNG.java:293)
	at org.testng.remote.RemoteTestNG.main(RemoteTestNG.java:91)
Caused by: org.openqa.selenium.NoSuchElementException: no such element: Unable to locate element: {"method":"xpath","selector":"//*[@id='ContentPlaceHolder1_btnShowNoticeBill']"}
  (Session info: chrome=130.0.6723.117)
For documentation on this error, please visit: https://www.selenium.dev/documentation/webdriver/troubleshooting/errors#no-such-element-exception
Build info: version: '4.19.1', revision: 'abe0ee07dc'
System info: os.name: 'Windows 10', os.arch: 'amd64', os.version: '10.0', java.version: '23'
Driver info: org.openqa.selenium.chrome.ChromeDriver
Command: [ee69a00ed177ccc9e17dc85e9ebd69dd, findElement {value=//*[@id='ContentPlaceHolder1_btnShowNoticeBill'], using=xpath}]
Capabilities {acceptInsecureCerts: false, browserName: chrome, browserVersion: 130.0.6723.117, chrome: {chromedriverVersion: 130.0.6723.116 (6ac35f94ae3..., userDataDir: C:\Users\admin\AppData\Loca...}, fedcm:accounts: true, goog:chromeOptions: {debuggerAddress: localhost:53076}, networkConnectionEnabled: false, pageLoadStrategy: normal, platformName: windows, proxy: Proxy(), se:cdp: ws://localhost:53076/devtoo..., se:cdpVersion: 130.0.6723.117, setWindowRect: true, strictFileInteractability: false, timeouts: {implicit: 0, pageLoad: 300000, script: 30000}, unhandledPromptBehavior: dismiss and notify, webauthn:extension:credBlob: true, webauthn:extension:largeBlob: true, webauthn:extension:minPinLength: true, webauthn:extension:prf: true, webauthn:virtualAuthenticators: true}
Session ID: ee69a00ed177ccc9e17dc85e9ebd69dd
	at java.base/jdk.internal.reflect.DirectConstructorHandleAccessor.newInstance(DirectConstructorHandleAccessor.java:62)
	at java.base/java.lang.reflect.Constructor.newInstanceWithCaller(Constructor.java:501)
	at java.base/java.lang.reflect.Constructor.newInstance(Constructor.java:485)
	at org.openqa.selenium.remote.ErrorCodec.decode(ErrorCodec.java:167)
	at org.openqa.selenium.remote.codec.w3c.W3CHttpResponseCodec.decode(W3CHttpResponseCodec.java:138)
	at org.openqa.selenium.remote.codec.w3c.W3CHttpResponseCodec.decode(W3CHttpResponseCodec.java:50)
	at org.openqa.selenium.remote.HttpCommandExecutor.execute(HttpCommandExecutor.java:190)
	at org.openqa.selenium.remote.service.DriverCommandExecutor.invokeExecute(DriverCommandExecutor.java:216)
	at org.openqa.selenium.remote.service.DriverCommandExecutor.execute(DriverCommandExecutor.java:174)
	at org.openqa.selenium.remote.RemoteWebDriver.execute(RemoteWebDriver.java:518)
	at org.openqa.selenium.remote.ElementLocation$ElementFinder$2.findElement(ElementLocation.java:165)
	at org.openqa.selenium.remote.ElementLocation.findElement(ElementLocation.java:59)
	at org.openqa.selenium.remote.RemoteWebDriver.findElement(RemoteWebDriver.java:355)
	at org.openqa.selenium.remote.RemoteWebDriver.findElement(RemoteWebDriver.java:349)
	at org.openqa.selenium.support.pagefactory.DefaultElementLocator.findElement(DefaultElementLocator.java:68)
	at org.openqa.selenium.support.pagefactory.internal.LocatingElementHandler.invoke(LocatingElementHandler.java:38)
	at jdk.proxy2/jdk.proxy2.$Proxy18.isDisplayed(Unknown Source)
	at org.openqa.selenium.support.ui.ExpectedConditions.elementIfVisible(ExpectedConditions.java:304)
	at org.openqa.selenium.support.ui.ExpectedConditions$10.apply(ExpectedConditions.java:290)
	at org.openqa.selenium.support.ui.ExpectedConditions$10.apply(ExpectedConditions.java:287)
	at org.openqa.selenium.support.ui.FluentWait.until(FluentWait.java:203)
	... 25 more
]]>
            </full-stacktrace>
          </exception> <!-- org.openqa.selenium.TimeoutException -->
          <reporter-output>
          </reporter-output>
        </test-method> <!-- DownloadCounterReports -->
        <test-method is-config="true" signature="aftermethod(org.testng.ITestResult, java.lang.reflect.Method)[pri:0, instance:Reports.DownloadReports@41488b16]" started-at="2024-11-11T19:28:42Z" name="aftermethod" finished-at="2024-11-11T19:28:42Z" duration-ms="452" status="PASS">
          <params>
            <param index="0">
              <value>
                <![CDATA[[TestResult name=DownloadCounterReports status=FAILURE method=DownloadReports.DownloadCounterReports()[pri:2, instance:Reports.DownloadReports@41488b16] output={null}]]]>
              </value>
            </param>
            <param index="1">
              <value>
                <![CDATA[public void Reports.DownloadReports.DownloadCounterReports() throws java.lang.Exception]]>
              </value>
            </param>
          </params>
          <reporter-output>
          </reporter-output>
        </test-method> <!-- aftermethod -->
        <test-method signature="AssismentNakkal()[pri:3, instance:Reports.DownloadReports@41488b16]" started-at="2024-11-11T19:28:42Z" name="AssismentNakkal" finished-at="2024-11-11T19:29:29Z" duration-ms="47085" status="PASS">
          <reporter-output>
          </reporter-output>
        </test-method> <!-- AssismentNakkal -->
        <test-method is-config="true" signature="aftermethod(org.testng.ITestResult, java.lang.reflect.Method)[pri:0, instance:Reports.DownloadReports@41488b16]" started-at="2024-11-11T19:29:29Z" name="aftermethod" finished-at="2024-11-11T19:29:29Z" duration-ms="257" status="PASS">
          <params>
            <param index="0">
              <value>
                <![CDATA[[TestResult name=AssismentNakkal status=SUCCESS method=DownloadReports.AssismentNakkal()[pri:3, instance:Reports.DownloadReports@41488b16] output={null}]]]>
              </value>
            </param>
            <param index="1">
              <value>
                <![CDATA[public void Reports.DownloadReports.AssismentNakkal() throws java.lang.Exception]]>
              </value>
            </param>
          </params>
          <reporter-output>
          </reporter-output>
        </test-method> <!-- aftermethod -->
        <test-method signature="NoDueCertificate()[pri:4, instance:Reports.DownloadReports@41488b16]" started-at="2024-11-11T19:29:29Z" name="NoDueCertificate" finished-at="2024-11-11T19:30:10Z" duration-ms="40028" status="PASS">
          <reporter-output>
          </reporter-output>
        </test-method> <!-- NoDueCertificate -->
        <test-method is-config="true" signature="aftermethod(org.testng.ITestResult, java.lang.reflect.Method)[pri:0, instance:Reports.DownloadReports@41488b16]" started-at="2024-11-11T19:30:10Z" name="aftermethod" finished-at="2024-11-11T19:30:10Z" duration-ms="245" status="PASS">
          <params>
            <param index="0">
              <value>
                <![CDATA[[TestResult name=NoDueCertificate status=SUCCESS method=DownloadReports.NoDueCertificate()[pri:4, instance:Reports.DownloadReports@41488b16] output={null}]]]>
              </value>
            </param>
            <param index="1">
              <value>
                <![CDATA[public void Reports.DownloadReports.NoDueCertificate() throws java.lang.Exception]]>
              </value>
            </param>
          </params>
          <reporter-output>
          </reporter-output>
        </test-method> <!-- aftermethod -->
        <test-method is-config="true" signature="aftertest()[pri:0, instance:Reports.DownloadReports@41488b16]" started-at="2024-11-11T19:30:10Z" name="aftertest" finished-at="2024-11-11T19:30:10Z" duration-ms="25" status="PASS">
          <reporter-output>
          </reporter-output>
        </test-method> <!-- aftertest -->
      </class> <!-- Reports.DownloadReports -->
    </test> <!-- Default test -->
  </suite> <!-- Default suite -->
</testng-results>
