<?xml version="1.0" encoding="UTF-8"?>
<testng-results ignored="0" total="21" passed="21" failed="0" skipped="0">
  <reporter-output>
  </reporter-output>
  <suite started-at="2024-12-19T13:18:27Z" name="Suite" finished-at="2024-12-19T13:36:35Z" duration-ms="1087555">
    <groups>
    </groups>
    <test started-at="2024-12-19T13:18:27Z" name="Login" finished-at="2024-12-19T13:18:54Z" duration-ms="26281">
      <class name="New_property_Wadhghat.Login">
        <test-method is-config="true" signature="beforetest()[pri:0, instance:New_property_Wadhghat.Login@4a07d605]" started-at="2024-12-19T18:48:27Z" name="beforetest" finished-at="2024-12-19T18:48:35Z" duration-ms="7591" status="PASS">
          <reporter-output>
          </reporter-output>
        </test-method> <!-- beforetest -->
        <test-method signature="loginPage()[pri:1, instance:New_property_Wadhghat.Login@4a07d605]" started-at="2024-12-19T18:48:35Z" name="loginPage" finished-at="2024-12-19T18:48:54Z" duration-ms="18653" status="PASS">
          <reporter-output>
          </reporter-output>
        </test-method> <!-- loginPage -->
      </class> <!-- New_property_Wadhghat.Login -->
    </test> <!-- Login -->
    <test started-at="2024-12-19T13:18:54Z" name="CreateNewProperty" finished-at="2024-12-19T13:26:42Z" duration-ms="468411">
      <class name="New_property_Wadhghat.CMS_Test">
        <test-method is-config="true" signature="beforetest()[pri:0, instance:New_property_Wadhghat.CMS_Test@35b74c5c]" started-at="2024-12-19T18:48:54Z" name="beforetest" finished-at="2024-12-19T18:48:54Z" duration-ms="1" status="PASS">
          <reporter-output>
          </reporter-output>
        </test-method> <!-- beforetest -->
        <test-method signature="cmsPageWadhghat()[pri:2, instance:New_property_Wadhghat.CMS_Test@35b74c5c]" started-at="2024-12-19T18:48:54Z" name="cmsPageWadhghat" finished-at="2024-12-19T18:49:09Z" duration-ms="15449" status="PASS">
          <reporter-output>
          </reporter-output>
        </test-method> <!-- cmsPageWadhghat -->
        <test-method is-config="true" signature="aftermethod(org.testng.ITestResult, java.lang.reflect.Method)[pri:0, instance:New_property_Wadhghat.CMS_Test@35b74c5c]" started-at="2024-12-19T18:49:09Z" name="aftermethod" finished-at="2024-12-19T18:49:10Z" duration-ms="916" status="PASS">
          <params>
            <param index="0">
              <value>
                <![CDATA[[TestResult name=cmsPageWadhghat status=SUCCESS method=CMS_Test.cmsPageWadhghat()[pri:2, instance:New_property_Wadhghat.CMS_Test@35b74c5c] output={null}]]]>
              </value>
            </param>
            <param index="1">
              <value>
                <![CDATA[public void New_property_Wadhghat.CMS_Test.cmsPageWadhghat() throws java.lang.InterruptedException]]>
              </value>
            </param>
          </params>
          <reporter-output>
          </reporter-output>
        </test-method> <!-- aftermethod -->
        <test-method signature="cmsRegisterPageWadhghat()[pri:3, instance:New_property_Wadhghat.CMS_Test@35b74c5c]" started-at="2024-12-19T18:49:10Z" name="cmsRegisterPageWadhghat" finished-at="2024-12-19T18:49:26Z" duration-ms="15888" status="PASS">
          <reporter-output>
          </reporter-output>
        </test-method> <!-- cmsRegisterPageWadhghat -->
        <test-method is-config="true" signature="aftermethod(org.testng.ITestResult, java.lang.reflect.Method)[pri:0, instance:New_property_Wadhghat.CMS_Test@35b74c5c]" started-at="2024-12-19T18:49:26Z" name="aftermethod" finished-at="2024-12-19T18:49:26Z" duration-ms="231" status="PASS">
          <params>
            <param index="0">
              <value>
                <![CDATA[[TestResult name=cmsRegisterPageWadhghat status=SUCCESS method=CMS_Test.cmsRegisterPageWadhghat()[pri:3, instance:New_property_Wadhghat.CMS_Test@35b74c5c] output={null}]]]>
              </value>
            </param>
            <param index="1">
              <value>
                <![CDATA[public void New_property_Wadhghat.CMS_Test.cmsRegisterPageWadhghat() throws java.lang.Exception]]>
              </value>
            </param>
          </params>
          <reporter-output>
          </reporter-output>
        </test-method> <!-- aftermethod -->
        <test-method signature="cmsComplaintRegisterWadhghat()[pri:4, instance:New_property_Wadhghat.CMS_Test@35b74c5c]" started-at="2024-12-19T18:49:26Z" name="cmsComplaintRegisterWadhghat" finished-at="2024-12-19T18:49:44Z" depends-on-methods="New_property_Wadhghat.CMS_Test.cmsRegisterPageWadhghat" duration-ms="17516" status="PASS">
          <reporter-output>
          </reporter-output>
        </test-method> <!-- cmsComplaintRegisterWadhghat -->
        <test-method is-config="true" signature="aftermethod(org.testng.ITestResult, java.lang.reflect.Method)[pri:0, instance:New_property_Wadhghat.CMS_Test@35b74c5c]" started-at="2024-12-19T18:49:44Z" name="aftermethod" finished-at="2024-12-19T18:49:44Z" duration-ms="233" status="PASS">
          <params>
            <param index="0">
              <value>
                <![CDATA[[TestResult name=cmsComplaintRegisterWadhghat status=SUCCESS method=CMS_Test.cmsComplaintRegisterWadhghat()[pri:4, instance:New_property_Wadhghat.CMS_Test@35b74c5c] output={null}]]]>
              </value>
            </param>
            <param index="1">
              <value>
                <![CDATA[public void New_property_Wadhghat.CMS_Test.cmsComplaintRegisterWadhghat() throws java.lang.InterruptedException]]>
              </value>
            </param>
          </params>
          <reporter-output>
          </reporter-output>
        </test-method> <!-- aftermethod -->
        <test-method signature="searchComplaintWadhghat()[pri:5, instance:New_property_Wadhghat.CMS_Test@35b74c5c]" started-at="2024-12-19T18:49:44Z" name="searchComplaintWadhghat" finished-at="2024-12-19T18:50:25Z" depends-on-methods="New_property_Wadhghat.CMS_Test.cmsComplaintRegisterWadhghat" duration-ms="41251" status="PASS">
          <reporter-output>
          </reporter-output>
        </test-method> <!-- searchComplaintWadhghat -->
        <test-method is-config="true" signature="aftermethod(org.testng.ITestResult, java.lang.reflect.Method)[pri:0, instance:New_property_Wadhghat.CMS_Test@35b74c5c]" started-at="2024-12-19T18:50:25Z" name="aftermethod" finished-at="2024-12-19T18:50:25Z" duration-ms="190" status="PASS">
          <params>
            <param index="0">
              <value>
                <![CDATA[[TestResult name=searchComplaintWadhghat status=SUCCESS method=CMS_Test.searchComplaintWadhghat()[pri:5, instance:New_property_Wadhghat.CMS_Test@35b74c5c] output={null}]]]>
              </value>
            </param>
            <param index="1">
              <value>
                <![CDATA[public void New_property_Wadhghat.CMS_Test.searchComplaintWadhghat() throws java.lang.InterruptedException]]>
              </value>
            </param>
          </params>
          <reporter-output>
          </reporter-output>
        </test-method> <!-- aftermethod -->
        <test-method signature="Dataentry_owner_info()[pri:6, instance:New_property_Wadhghat.CMS_Test@35b74c5c]" started-at="2024-12-19T18:50:25Z" name="Dataentry_owner_info" finished-at="2024-12-19T18:50:59Z" depends-on-methods="New_property_Wadhghat.CMS_Test.searchComplaintWadhghat" duration-ms="33337" status="PASS">
          <reporter-output>
          </reporter-output>
        </test-method> <!-- Dataentry_owner_info -->
        <test-method is-config="true" signature="aftermethod(org.testng.ITestResult, java.lang.reflect.Method)[pri:0, instance:New_property_Wadhghat.CMS_Test@35b74c5c]" started-at="2024-12-19T18:50:59Z" name="aftermethod" finished-at="2024-12-19T18:50:59Z" duration-ms="174" status="PASS">
          <params>
            <param index="0">
              <value>
                <![CDATA[[TestResult name=Dataentry_owner_info status=SUCCESS method=CMS_Test.Dataentry_owner_info()[pri:6, instance:New_property_Wadhghat.CMS_Test@35b74c5c] output={null}]]]>
              </value>
            </param>
            <param index="1">
              <value>
                <![CDATA[public void New_property_Wadhghat.CMS_Test.Dataentry_owner_info() throws java.lang.InterruptedException]]>
              </value>
            </param>
          </params>
          <reporter-output>
          </reporter-output>
        </test-method> <!-- aftermethod -->
        <test-method signature="Dataentry_floor_info()[pri:7, instance:New_property_Wadhghat.CMS_Test@35b74c5c]" started-at="2024-12-19T18:50:59Z" name="Dataentry_floor_info" finished-at="2024-12-19T18:51:51Z" depends-on-methods="New_property_Wadhghat.CMS_Test.Dataentry_owner_info" duration-ms="51609" status="PASS">
          <reporter-output>
          </reporter-output>
        </test-method> <!-- Dataentry_floor_info -->
        <test-method is-config="true" signature="aftermethod(org.testng.ITestResult, java.lang.reflect.Method)[pri:0, instance:New_property_Wadhghat.CMS_Test@35b74c5c]" started-at="2024-12-19T18:51:51Z" name="aftermethod" finished-at="2024-12-19T18:51:51Z" duration-ms="203" status="PASS">
          <params>
            <param index="0">
              <value>
                <![CDATA[[TestResult name=Dataentry_floor_info status=SUCCESS method=CMS_Test.Dataentry_floor_info()[pri:7, instance:New_property_Wadhghat.CMS_Test@35b74c5c] output={null}]]]>
              </value>
            </param>
            <param index="1">
              <value>
                <![CDATA[public void New_property_Wadhghat.CMS_Test.Dataentry_floor_info() throws java.lang.Exception]]>
              </value>
            </param>
          </params>
          <reporter-output>
          </reporter-output>
        </test-method> <!-- aftermethod -->
        <test-method signature="OldTaxex_info()[pri:8, instance:New_property_Wadhghat.CMS_Test@35b74c5c]" started-at="2024-12-19T18:51:51Z" name="OldTaxex_info" finished-at="2024-12-19T18:52:47Z" depends-on-methods="New_property_Wadhghat.CMS_Test.Dataentry_floor_info" duration-ms="56190" status="PASS">
          <reporter-output>
          </reporter-output>
        </test-method> <!-- OldTaxex_info -->
        <test-method is-config="true" signature="aftermethod(org.testng.ITestResult, java.lang.reflect.Method)[pri:0, instance:New_property_Wadhghat.CMS_Test@35b74c5c]" started-at="2024-12-19T18:52:47Z" name="aftermethod" finished-at="2024-12-19T18:52:53Z" duration-ms="6013" status="PASS">
          <params>
            <param index="0">
              <value>
                <![CDATA[[TestResult name=OldTaxex_info status=SUCCESS method=CMS_Test.OldTaxex_info()[pri:8, instance:New_property_Wadhghat.CMS_Test@35b74c5c] output={null}]]]>
              </value>
            </param>
            <param index="1">
              <value>
                <![CDATA[public void New_property_Wadhghat.CMS_Test.OldTaxex_info() throws java.lang.Exception]]>
              </value>
            </param>
          </params>
          <reporter-output>
          </reporter-output>
        </test-method> <!-- aftermethod -->
        <test-method signature="AddTaxes_and_UploadFiles()[pri:9, instance:New_property_Wadhghat.CMS_Test@35b74c5c]" started-at="2024-12-19T18:52:53Z" name="AddTaxes_and_UploadFiles" finished-at="2024-12-19T18:55:02Z" depends-on-methods="New_property_Wadhghat.CMS_Test.OldTaxex_info" duration-ms="128658" status="PASS">
          <reporter-output>
          </reporter-output>
        </test-method> <!-- AddTaxes_and_UploadFiles -->
        <test-method is-config="true" signature="aftermethod(org.testng.ITestResult, java.lang.reflect.Method)[pri:0, instance:New_property_Wadhghat.CMS_Test@35b74c5c]" started-at="2024-12-19T18:55:02Z" name="aftermethod" finished-at="2024-12-19T18:55:02Z" duration-ms="183" status="PASS">
          <params>
            <param index="0">
              <value>
                <![CDATA[[TestResult name=AddTaxes_and_UploadFiles status=SUCCESS method=CMS_Test.AddTaxes_and_UploadFiles()[pri:9, instance:New_property_Wadhghat.CMS_Test@35b74c5c] output={null}]]]>
              </value>
            </param>
            <param index="1">
              <value>
                <![CDATA[public void New_property_Wadhghat.CMS_Test.AddTaxes_and_UploadFiles() throws java.lang.InterruptedException]]>
              </value>
            </param>
          </params>
          <reporter-output>
          </reporter-output>
        </test-method> <!-- aftermethod -->
        <test-method signature="WadhghatApproval()[pri:10, instance:New_property_Wadhghat.CMS_Test@35b74c5c]" started-at="2024-12-19T18:55:02Z" name="WadhghatApproval" finished-at="2024-12-19T18:55:16Z" depends-on-methods="New_property_Wadhghat.CMS_Test.AddTaxes_and_UploadFiles" duration-ms="14139" status="PASS">
          <reporter-output>
          </reporter-output>
        </test-method> <!-- WadhghatApproval -->
        <test-method is-config="true" signature="aftermethod(org.testng.ITestResult, java.lang.reflect.Method)[pri:0, instance:New_property_Wadhghat.CMS_Test@35b74c5c]" started-at="2024-12-19T18:55:16Z" name="aftermethod" finished-at="2024-12-19T18:55:16Z" duration-ms="206" status="PASS">
          <params>
            <param index="0">
              <value>
                <![CDATA[[TestResult name=WadhghatApproval status=SUCCESS method=CMS_Test.WadhghatApproval()[pri:10, instance:New_property_Wadhghat.CMS_Test@35b74c5c] output={null}]]]>
              </value>
            </param>
            <param index="1">
              <value>
                <![CDATA[public void New_property_Wadhghat.CMS_Test.WadhghatApproval() throws java.lang.Exception]]>
              </value>
            </param>
          </params>
          <reporter-output>
          </reporter-output>
        </test-method> <!-- aftermethod -->
        <test-method signature="councilapproval()[pri:11, instance:New_property_Wadhghat.CMS_Test@35b74c5c]" started-at="2024-12-19T18:55:16Z" name="councilapproval" finished-at="2024-12-19T18:56:42Z" depends-on-methods="New_property_Wadhghat.CMS_Test.WadhghatApproval" duration-ms="85632" status="PASS">
          <reporter-output>
          </reporter-output>
        </test-method> <!-- councilapproval -->
        <test-method is-config="true" signature="aftermethod(org.testng.ITestResult, java.lang.reflect.Method)[pri:0, instance:New_property_Wadhghat.CMS_Test@35b74c5c]" started-at="2024-12-19T18:56:42Z" name="aftermethod" finished-at="2024-12-19T18:56:42Z" duration-ms="220" status="PASS">
          <params>
            <param index="0">
              <value>
                <![CDATA[[TestResult name=councilapproval status=SUCCESS method=CMS_Test.councilapproval()[pri:11, instance:New_property_Wadhghat.CMS_Test@35b74c5c] output={null}]]]>
              </value>
            </param>
            <param index="1">
              <value>
                <![CDATA[private void New_property_Wadhghat.CMS_Test.councilapproval() throws java.lang.Exception]]>
              </value>
            </param>
          </params>
          <reporter-output>
          </reporter-output>
        </test-method> <!-- aftermethod -->
        <test-method is-config="true" signature="tearDown()[pri:0, instance:New_property_Wadhghat.CMS_Test@35b74c5c]" started-at="2024-12-19T18:56:42Z" name="tearDown" finished-at="2024-12-19T18:56:42Z" duration-ms="136" status="PASS">
          <reporter-output>
          </reporter-output>
        </test-method> <!-- tearDown -->
      </class> <!-- New_property_Wadhghat.CMS_Test -->
    </test> <!-- CreateNewProperty -->
    <test started-at="2024-12-19T13:26:42Z" name="CreatePartitionProperty" finished-at="2024-12-19T13:36:35Z" duration-ms="592791">
      <class name="New_property_Wadhghat.CMS_Test_Partition">
        <test-method is-config="true" signature="beforetest()[pri:0, instance:New_property_Wadhghat.CMS_Test_Partition@13d9cbf5]" started-at="2024-12-19T18:56:42Z" name="beforetest" finished-at="2024-12-19T18:56:42Z" duration-ms="4" status="PASS">
          <reporter-output>
          </reporter-output>
        </test-method> <!-- beforetest -->
        <test-method signature="cmsPageWadhghat()[pri:2, instance:New_property_Wadhghat.CMS_Test_Partition@13d9cbf5]" started-at="2024-12-19T18:56:42Z" name="cmsPageWadhghat" finished-at="2024-12-19T18:56:58Z" duration-ms="15540" status="PASS">
          <reporter-output>
          </reporter-output>
        </test-method> <!-- cmsPageWadhghat -->
        <test-method is-config="true" signature="aftermethod(org.testng.ITestResult, java.lang.reflect.Method)[pri:0, instance:New_property_Wadhghat.CMS_Test_Partition@13d9cbf5]" started-at="2024-12-19T18:56:58Z" name="aftermethod" finished-at="2024-12-19T18:56:58Z" duration-ms="275" status="PASS">
          <params>
            <param index="0">
              <value>
                <![CDATA[[TestResult name=cmsPageWadhghat status=SUCCESS method=CMS_Test_Partition.cmsPageWadhghat()[pri:2, instance:New_property_Wadhghat.CMS_Test_Partition@13d9cbf5] output={null}]]]>
              </value>
            </param>
            <param index="1">
              <value>
                <![CDATA[public void New_property_Wadhghat.CMS_Test_Partition.cmsPageWadhghat() throws java.lang.InterruptedException]]>
              </value>
            </param>
          </params>
          <reporter-output>
          </reporter-output>
        </test-method> <!-- aftermethod -->
        <test-method signature="cmsRegisterPageWadhghat_Partition()[pri:3, instance:New_property_Wadhghat.CMS_Test_Partition@13d9cbf5]" started-at="2024-12-19T18:56:58Z" name="cmsRegisterPageWadhghat_Partition" finished-at="2024-12-19T18:57:28Z" duration-ms="29888" status="PASS">
          <reporter-output>
          </reporter-output>
        </test-method> <!-- cmsRegisterPageWadhghat_Partition -->
        <test-method is-config="true" signature="aftermethod(org.testng.ITestResult, java.lang.reflect.Method)[pri:0, instance:New_property_Wadhghat.CMS_Test_Partition@13d9cbf5]" started-at="2024-12-19T18:57:28Z" name="aftermethod" finished-at="2024-12-19T18:57:28Z" duration-ms="248" status="PASS">
          <params>
            <param index="0">
              <value>
                <![CDATA[[TestResult name=cmsRegisterPageWadhghat_Partition status=SUCCESS method=CMS_Test_Partition.cmsRegisterPageWadhghat_Partition()[pri:3, instance:New_property_Wadhghat.CMS_Test_Partition@13d9cbf5] output={null}]]]>
              </value>
            </param>
            <param index="1">
              <value>
                <![CDATA[public void New_property_Wadhghat.CMS_Test_Partition.cmsRegisterPageWadhghat_Partition() throws java.lang.Exception]]>
              </value>
            </param>
          </params>
          <reporter-output>
          </reporter-output>
        </test-method> <!-- aftermethod -->
        <test-method signature="cmsComplaintRegisterWadhghat_Partition()[pri:4, instance:New_property_Wadhghat.CMS_Test_Partition@13d9cbf5]" started-at="2024-12-19T18:57:28Z" name="cmsComplaintRegisterWadhghat_Partition" finished-at="2024-12-19T18:57:46Z" depends-on-methods="New_property_Wadhghat.CMS_Test_Partition.cmsRegisterPageWadhghat_Partition" duration-ms="18363" status="PASS">
          <reporter-output>
          </reporter-output>
        </test-method> <!-- cmsComplaintRegisterWadhghat_Partition -->
        <test-method is-config="true" signature="aftermethod(org.testng.ITestResult, java.lang.reflect.Method)[pri:0, instance:New_property_Wadhghat.CMS_Test_Partition@13d9cbf5]" started-at="2024-12-19T18:57:46Z" name="aftermethod" finished-at="2024-12-19T18:57:47Z" duration-ms="244" status="PASS">
          <params>
            <param index="0">
              <value>
                <![CDATA[[TestResult name=cmsComplaintRegisterWadhghat_Partition status=SUCCESS method=CMS_Test_Partition.cmsComplaintRegisterWadhghat_Partition()[pri:4, instance:New_property_Wadhghat.CMS_Test_Partition@13d9cbf5] output={null}]]]>
              </value>
            </param>
            <param index="1">
              <value>
                <![CDATA[public void New_property_Wadhghat.CMS_Test_Partition.cmsComplaintRegisterWadhghat_Partition() throws java.lang.InterruptedException]]>
              </value>
            </param>
          </params>
          <reporter-output>
          </reporter-output>
        </test-method> <!-- aftermethod -->
        <test-method signature="searchComplaintWadhghat_Partition()[pri:5, instance:New_property_Wadhghat.CMS_Test_Partition@13d9cbf5]" started-at="2024-12-19T18:57:47Z" name="searchComplaintWadhghat_Partition" finished-at="2024-12-19T18:58:27Z" depends-on-methods="New_property_Wadhghat.CMS_Test_Partition.cmsComplaintRegisterWadhghat_Partition" duration-ms="40226" status="PASS">
          <reporter-output>
          </reporter-output>
        </test-method> <!-- searchComplaintWadhghat_Partition -->
        <test-method is-config="true" signature="aftermethod(org.testng.ITestResult, java.lang.reflect.Method)[pri:0, instance:New_property_Wadhghat.CMS_Test_Partition@13d9cbf5]" started-at="2024-12-19T18:58:27Z" name="aftermethod" finished-at="2024-12-19T18:58:27Z" duration-ms="255" status="PASS">
          <params>
            <param index="0">
              <value>
                <![CDATA[[TestResult name=searchComplaintWadhghat_Partition status=SUCCESS method=CMS_Test_Partition.searchComplaintWadhghat_Partition()[pri:5, instance:New_property_Wadhghat.CMS_Test_Partition@13d9cbf5] output={null}]]]>
              </value>
            </param>
            <param index="1">
              <value>
                <![CDATA[public void New_property_Wadhghat.CMS_Test_Partition.searchComplaintWadhghat_Partition() throws java.lang.InterruptedException]]>
              </value>
            </param>
          </params>
          <reporter-output>
          </reporter-output>
        </test-method> <!-- aftermethod -->
        <test-method signature="Dataentry_owner_info_Partition()[pri:6, instance:New_property_Wadhghat.CMS_Test_Partition@13d9cbf5]" started-at="2024-12-19T18:58:27Z" name="Dataentry_owner_info_Partition" finished-at="2024-12-19T18:58:48Z" depends-on-methods="New_property_Wadhghat.CMS_Test_Partition.searchComplaintWadhghat_Partition" duration-ms="20524" status="PASS">
          <reporter-output>
          </reporter-output>
        </test-method> <!-- Dataentry_owner_info_Partition -->
        <test-method is-config="true" signature="aftermethod(org.testng.ITestResult, java.lang.reflect.Method)[pri:0, instance:New_property_Wadhghat.CMS_Test_Partition@13d9cbf5]" started-at="2024-12-19T18:58:48Z" name="aftermethod" finished-at="2024-12-19T18:58:48Z" duration-ms="176" status="PASS">
          <params>
            <param index="0">
              <value>
                <![CDATA[[TestResult name=Dataentry_owner_info_Partition status=SUCCESS method=CMS_Test_Partition.Dataentry_owner_info_Partition()[pri:6, instance:New_property_Wadhghat.CMS_Test_Partition@13d9cbf5] output={null}]]]>
              </value>
            </param>
            <param index="1">
              <value>
                <![CDATA[public void New_property_Wadhghat.CMS_Test_Partition.Dataentry_owner_info_Partition() throws java.lang.InterruptedException]]>
              </value>
            </param>
          </params>
          <reporter-output>
          </reporter-output>
        </test-method> <!-- aftermethod -->
        <test-method signature="Dataentry_floor_info_Partition()[pri:7, instance:New_property_Wadhghat.CMS_Test_Partition@13d9cbf5]" started-at="2024-12-19T18:58:48Z" name="Dataentry_floor_info_Partition" finished-at="2024-12-19T18:59:33Z" depends-on-methods="New_property_Wadhghat.CMS_Test_Partition.Dataentry_owner_info_Partition" duration-ms="45001" status="PASS">
          <reporter-output>
          </reporter-output>
        </test-method> <!-- Dataentry_floor_info_Partition -->
        <test-method is-config="true" signature="aftermethod(org.testng.ITestResult, java.lang.reflect.Method)[pri:0, instance:New_property_Wadhghat.CMS_Test_Partition@13d9cbf5]" started-at="2024-12-19T18:59:33Z" name="aftermethod" finished-at="2024-12-19T18:59:33Z" duration-ms="176" status="PASS">
          <params>
            <param index="0">
              <value>
                <![CDATA[[TestResult name=Dataentry_floor_info_Partition status=SUCCESS method=CMS_Test_Partition.Dataentry_floor_info_Partition()[pri:7, instance:New_property_Wadhghat.CMS_Test_Partition@13d9cbf5] output={null}]]]>
              </value>
            </param>
            <param index="1">
              <value>
                <![CDATA[public void New_property_Wadhghat.CMS_Test_Partition.Dataentry_floor_info_Partition() throws java.lang.Exception]]>
              </value>
            </param>
          </params>
          <reporter-output>
          </reporter-output>
        </test-method> <!-- aftermethod -->
        <test-method signature="OldTaxex_info_Partition()[pri:8, instance:New_property_Wadhghat.CMS_Test_Partition@13d9cbf5]" started-at="2024-12-19T18:59:33Z" name="OldTaxex_info_Partition" finished-at="2024-12-19T19:00:18Z" depends-on-methods="New_property_Wadhghat.CMS_Test_Partition.Dataentry_floor_info_Partition" duration-ms="44982" status="PASS">
          <reporter-output>
          </reporter-output>
        </test-method> <!-- OldTaxex_info_Partition -->
        <test-method is-config="true" signature="aftermethod(org.testng.ITestResult, java.lang.reflect.Method)[pri:0, instance:New_property_Wadhghat.CMS_Test_Partition@13d9cbf5]" started-at="2024-12-19T19:00:18Z" name="aftermethod" finished-at="2024-12-19T19:00:24Z" duration-ms="5840" status="PASS">
          <params>
            <param index="0">
              <value>
                <![CDATA[[TestResult name=OldTaxex_info_Partition status=SUCCESS method=CMS_Test_Partition.OldTaxex_info_Partition()[pri:8, instance:New_property_Wadhghat.CMS_Test_Partition@13d9cbf5] output={null}]]]>
              </value>
            </param>
            <param index="1">
              <value>
                <![CDATA[public void New_property_Wadhghat.CMS_Test_Partition.OldTaxex_info_Partition() throws java.lang.Exception]]>
              </value>
            </param>
          </params>
          <reporter-output>
          </reporter-output>
        </test-method> <!-- aftermethod -->
        <test-method signature="AddTaxes_and_UploadFiles_Partition()[pri:9, instance:New_property_Wadhghat.CMS_Test_Partition@13d9cbf5]" started-at="2024-12-19T19:00:24Z" name="AddTaxes_and_UploadFiles_Partition" finished-at="2024-12-19T19:04:35Z" depends-on-methods="New_property_Wadhghat.CMS_Test_Partition.OldTaxex_info_Partition" duration-ms="250951" status="PASS">
          <reporter-output>
          </reporter-output>
        </test-method> <!-- AddTaxes_and_UploadFiles_Partition -->
        <test-method is-config="true" signature="aftermethod(org.testng.ITestResult, java.lang.reflect.Method)[pri:0, instance:New_property_Wadhghat.CMS_Test_Partition@13d9cbf5]" started-at="2024-12-19T19:04:35Z" name="aftermethod" finished-at="2024-12-19T19:04:35Z" duration-ms="212" status="PASS">
          <params>
            <param index="0">
              <value>
                <![CDATA[[TestResult name=AddTaxes_and_UploadFiles_Partition status=SUCCESS method=CMS_Test_Partition.AddTaxes_and_UploadFiles_Partition()[pri:9, instance:New_property_Wadhghat.CMS_Test_Partition@13d9cbf5] output={null}]]]>
              </value>
            </param>
            <param index="1">
              <value>
                <![CDATA[public void New_property_Wadhghat.CMS_Test_Partition.AddTaxes_and_UploadFiles_Partition() throws java.lang.InterruptedException]]>
              </value>
            </param>
          </params>
          <reporter-output>
          </reporter-output>
        </test-method> <!-- aftermethod -->
        <test-method signature="WadhghatApproval_Partition()[pri:10, instance:New_property_Wadhghat.CMS_Test_Partition@13d9cbf5]" started-at="2024-12-19T19:04:35Z" name="WadhghatApproval_Partition" finished-at="2024-12-19T19:04:49Z" depends-on-methods="New_property_Wadhghat.CMS_Test_Partition.AddTaxes_and_UploadFiles_Partition" duration-ms="13556" status="PASS">
          <reporter-output>
          </reporter-output>
        </test-method> <!-- WadhghatApproval_Partition -->
        <test-method is-config="true" signature="aftermethod(org.testng.ITestResult, java.lang.reflect.Method)[pri:0, instance:New_property_Wadhghat.CMS_Test_Partition@13d9cbf5]" started-at="2024-12-19T19:04:49Z" name="aftermethod" finished-at="2024-12-19T19:04:49Z" duration-ms="193" status="PASS">
          <params>
            <param index="0">
              <value>
                <![CDATA[[TestResult name=WadhghatApproval_Partition status=SUCCESS method=CMS_Test_Partition.WadhghatApproval_Partition()[pri:10, instance:New_property_Wadhghat.CMS_Test_Partition@13d9cbf5] output={null}]]]>
              </value>
            </param>
            <param index="1">
              <value>
                <![CDATA[public void New_property_Wadhghat.CMS_Test_Partition.WadhghatApproval_Partition() throws java.lang.Exception]]>
              </value>
            </param>
          </params>
          <reporter-output>
          </reporter-output>
        </test-method> <!-- aftermethod -->
        <test-method signature="councilapproval_Partition()[pri:11, instance:New_property_Wadhghat.CMS_Test_Partition@13d9cbf5]" started-at="2024-12-19T19:04:49Z" name="councilapproval_Partition" finished-at="2024-12-19T19:06:35Z" depends-on-methods="New_property_Wadhghat.CMS_Test_Partition.WadhghatApproval_Partition" duration-ms="105788" status="PASS">
          <reporter-output>
          </reporter-output>
        </test-method> <!-- councilapproval_Partition -->
        <test-method is-config="true" signature="aftermethod(org.testng.ITestResult, java.lang.reflect.Method)[pri:0, instance:New_property_Wadhghat.CMS_Test_Partition@13d9cbf5]" started-at="2024-12-19T19:06:35Z" name="aftermethod" finished-at="2024-12-19T19:06:35Z" duration-ms="223" status="PASS">
          <params>
            <param index="0">
              <value>
                <![CDATA[[TestResult name=councilapproval_Partition status=SUCCESS method=CMS_Test_Partition.councilapproval_Partition()[pri:11, instance:New_property_Wadhghat.CMS_Test_Partition@13d9cbf5] output={null}]]]>
              </value>
            </param>
            <param index="1">
              <value>
                <![CDATA[private void New_property_Wadhghat.CMS_Test_Partition.councilapproval_Partition() throws java.lang.Exception]]>
              </value>
            </param>
          </params>
          <reporter-output>
          </reporter-output>
        </test-method> <!-- aftermethod -->
        <test-method is-config="true" signature="tearDown()[pri:0, instance:New_property_Wadhghat.CMS_Test_Partition@13d9cbf5]" started-at="2024-12-19T19:06:35Z" name="tearDown" finished-at="2024-12-19T19:06:35Z" duration-ms="93" status="PASS">
          <reporter-output>
          </reporter-output>
        </test-method> <!-- tearDown -->
      </class> <!-- New_property_Wadhghat.CMS_Test_Partition -->
    </test> <!-- CreatePartitionProperty -->
  </suite> <!-- Suite -->
</testng-results>
