<?xml version="1.0" encoding="UTF-8"?>
<testng-results ignored="1" total="9" passed="6" failed="2" skipped="0">
  <reporter-output>
  </reporter-output>
  <suite started-at="2024-11-30T08:51:21Z" name="Suite" finished-at="2024-11-30T09:05:52Z" duration-ms="870774">
    <groups>
    </groups>
    <test started-at="2024-11-30T08:51:21Z" name="Login" finished-at="2024-11-30T08:51:45Z" duration-ms="23610">
      <class name="New_property_Wadhghat.Login">
        <test-method is-config="true" signature="beforetest()[pri:0, instance:New_property_Wadhghat.Login@7f2cfe3f]" started-at="2024-11-30T14:21:21Z" name="beforetest" finished-at="2024-11-30T14:21:27Z" duration-ms="5386" status="PASS">
          <reporter-output>
          </reporter-output>
        </test-method> <!-- beforetest -->
        <test-method signature="loginPage()[pri:1, instance:New_property_Wadhghat.Login@7f2cfe3f]" started-at="2024-11-30T14:21:27Z" name="loginPage" finished-at="2024-11-30T14:21:45Z" duration-ms="18176" status="PASS">
          <reporter-output>
          </reporter-output>
        </test-method> <!-- loginPage -->
      </class> <!-- New_property_Wadhghat.Login -->
    </test> <!-- Login -->
    <test started-at="2024-11-30T08:51:45Z" name="All Type Payments" finished-at="2024-11-30T09:05:52Z" duration-ms="847101">
      <class name="PCMC_All_Tests.PCMC_alltypepayments">
        <test-method is-config="true" signature="beforetest()[pri:0, instance:PCMC_All_Tests.PCMC_alltypepayments@267f474e]" started-at="2024-11-30T14:21:45Z" name="beforetest" finished-at="2024-11-30T14:21:45Z" duration-ms="0" status="PASS">
          <reporter-output>
          </reporter-output>
        </test-method> <!-- beforetest -->
        <test-method signature="CashPayment()[pri:2, instance:PCMC_All_Tests.PCMC_alltypepayments@267f474e]" started-at="2024-11-30T14:21:45Z" name="CashPayment" finished-at="2024-11-30T14:24:15Z" duration-ms="150134" status="PASS">
          <reporter-output>
          </reporter-output>
        </test-method> <!-- CashPayment -->
        <test-method is-config="true" signature="aftermethod(org.testng.ITestResult, java.lang.reflect.Method)[pri:0, instance:PCMC_All_Tests.PCMC_alltypepayments@267f474e]" started-at="2024-11-30T14:24:15Z" name="aftermethod" finished-at="2024-11-30T14:24:16Z" duration-ms="990" status="PASS">
          <params>
            <param index="0">
              <value>
                <![CDATA[[TestResult name=CashPayment status=SUCCESS method=PCMC_alltypepayments.CashPayment()[pri:2, instance:PCMC_All_Tests.PCMC_alltypepayments@267f474e] output={null}]]]>
              </value>
            </param>
            <param index="1">
              <value>
                <![CDATA[public void PCMC_All_Tests.PCMC_alltypepayments.CashPayment() throws java.lang.Exception]]>
              </value>
            </param>
          </params>
          <reporter-output>
          </reporter-output>
        </test-method> <!-- aftermethod -->
        <test-method signature="AdvancePayment()[pri:3, instance:PCMC_All_Tests.PCMC_alltypepayments@267f474e]" started-at="2024-11-30T14:24:16Z" name="AdvancePayment" finished-at="2024-11-30T14:26:13Z" duration-ms="117062" status="FAIL">
          <exception class="org.openqa.selenium.TimeoutException">
            <message>
              <![CDATA[Expected condition failed: waiting for visibility of Proxy element for: DefaultElementLocator 'By.xpath: //span[@id='ContentPlaceHolder1_lblPaymentStatus']' (tried for 60 second(s) with 500 milliseconds interval)]]>
            </message>
            <full-stacktrace>
              <![CDATA[org.openqa.selenium.TimeoutException: Expected condition failed: waiting for visibility of Proxy element for: DefaultElementLocator 'By.xpath: //span[@id='ContentPlaceHolder1_lblPaymentStatus']' (tried for 60 second(s) with 500 milliseconds interval)
	at org.openqa.selenium.support.ui.WebDriverWait.timeoutException(WebDriverWait.java:84)
	at org.openqa.selenium.support.ui.FluentWait.until(FluentWait.java:228)
	at pom.CounterPaymentPage.Check_transaction_id(CounterPaymentPage.java:556)
	at PCMC_All_Tests.PCMC_alltypepayments.AdvancePayment(PCMC_alltypepayments.java:216)
	at java.base/jdk.internal.reflect.DirectMethodHandleAccessor.invoke(DirectMethodHandleAccessor.java:103)
	at java.base/java.lang.reflect.Method.invoke(Method.java:580)
	at org.testng.internal.MethodInvocationHelper.invokeMethod(MethodInvocationHelper.java:108)
	at org.testng.internal.Invoker.invokeMethod(Invoker.java:661)
	at org.testng.internal.Invoker.invokeTestMethod(Invoker.java:869)
	at org.testng.internal.Invoker.invokeTestMethods(Invoker.java:1193)
	at org.testng.internal.TestMethodWorker.invokeTestMethods(TestMethodWorker.java:126)
	at org.testng.internal.TestMethodWorker.run(TestMethodWorker.java:109)
	at org.testng.TestRunner.privateRun(TestRunner.java:744)
	at org.testng.TestRunner.run(TestRunner.java:602)
	at org.testng.SuiteRunner.runTest(SuiteRunner.java:380)
	at org.testng.SuiteRunner.runSequentially(SuiteRunner.java:375)
	at org.testng.SuiteRunner.privateRun(SuiteRunner.java:340)
	at org.testng.SuiteRunner.run(SuiteRunner.java:289)
	at org.testng.SuiteRunnerWorker.runSuite(SuiteRunnerWorker.java:52)
	at org.testng.SuiteRunnerWorker.run(SuiteRunnerWorker.java:86)
	at org.testng.TestNG.runSuitesSequentially(TestNG.java:1301)
	at org.testng.TestNG.runSuitesLocally(TestNG.java:1226)
	at org.testng.TestNG.runSuites(TestNG.java:1144)
	at org.testng.TestNG.run(TestNG.java:1115)
	at org.testng.remote.AbstractRemoteTestNG.run(AbstractRemoteTestNG.java:115)
	at org.testng.remote.RemoteTestNG.initAndRun(RemoteTestNG.java:293)
	at org.testng.remote.RemoteTestNG.main(RemoteTestNG.java:91)
Caused by: org.openqa.selenium.NoSuchElementException: no such element: Unable to locate element: {"method":"xpath","selector":"//span[@id='ContentPlaceHolder1_lblPaymentStatus']"}
  (Session info: chrome=131.0.6778.86)
For documentation on this error, please visit: https://www.selenium.dev/documentation/webdriver/troubleshooting/errors#no-such-element-exception
Build info: version: '4.19.1', revision: 'abe0ee07dc'
System info: os.name: 'Windows 10', os.arch: 'amd64', os.version: '10.0', java.version: '23'
Driver info: org.openqa.selenium.chrome.ChromeDriver
Command: [60d4c6429839f2448bc796a7ec2e619c, findElement {using=xpath, value=//span[@id='ContentPlaceHolder1_lblPaymentStatus']}]
Capabilities {acceptInsecureCerts: false, browserName: chrome, browserVersion: 131.0.6778.86, chrome: {chromedriverVersion: 131.0.6778.85 (3d81e41b6f3a..., userDataDir: C:\Users\admin\AppData\Loca...}, fedcm:accounts: true, goog:chromeOptions: {debuggerAddress: localhost:57441}, networkConnectionEnabled: false, pageLoadStrategy: normal, platformName: windows, proxy: Proxy(), se:cdp: ws://localhost:57441/devtoo..., se:cdpVersion: 131.0.6778.86, setWindowRect: true, strictFileInteractability: false, timeouts: {implicit: 0, pageLoad: 300000, script: 30000}, unhandledPromptBehavior: dismiss and notify, webauthn:extension:credBlob: true, webauthn:extension:largeBlob: true, webauthn:extension:minPinLength: true, webauthn:extension:prf: true, webauthn:virtualAuthenticators: true}
Session ID: 60d4c6429839f2448bc796a7ec2e619c
	at java.base/jdk.internal.reflect.DirectConstructorHandleAccessor.newInstance(DirectConstructorHandleAccessor.java:62)
	at java.base/java.lang.reflect.Constructor.newInstanceWithCaller(Constructor.java:501)
	at java.base/java.lang.reflect.Constructor.newInstance(Constructor.java:485)
	at org.openqa.selenium.remote.ErrorCodec.decode(ErrorCodec.java:167)
	at org.openqa.selenium.remote.codec.w3c.W3CHttpResponseCodec.decode(W3CHttpResponseCodec.java:138)
	at org.openqa.selenium.remote.codec.w3c.W3CHttpResponseCodec.decode(W3CHttpResponseCodec.java:50)
	at org.openqa.selenium.remote.HttpCommandExecutor.execute(HttpCommandExecutor.java:190)
	at org.openqa.selenium.remote.service.DriverCommandExecutor.invokeExecute(DriverCommandExecutor.java:216)
	at org.openqa.selenium.remote.service.DriverCommandExecutor.execute(DriverCommandExecutor.java:174)
	at org.openqa.selenium.remote.RemoteWebDriver.execute(RemoteWebDriver.java:518)
	at org.openqa.selenium.remote.ElementLocation$ElementFinder$2.findElement(ElementLocation.java:165)
	at org.openqa.selenium.remote.ElementLocation.findElement(ElementLocation.java:59)
	at org.openqa.selenium.remote.RemoteWebDriver.findElement(RemoteWebDriver.java:355)
	at org.openqa.selenium.remote.RemoteWebDriver.findElement(RemoteWebDriver.java:349)
	at org.openqa.selenium.support.pagefactory.DefaultElementLocator.findElement(DefaultElementLocator.java:68)
	at org.openqa.selenium.support.pagefactory.internal.LocatingElementHandler.invoke(LocatingElementHandler.java:38)
	at jdk.proxy2/jdk.proxy2.$Proxy15.isDisplayed(Unknown Source)
	at org.openqa.selenium.support.ui.ExpectedConditions.elementIfVisible(ExpectedConditions.java:304)
	at org.openqa.selenium.support.ui.ExpectedConditions$10.apply(ExpectedConditions.java:290)
	at org.openqa.selenium.support.ui.ExpectedConditions$10.apply(ExpectedConditions.java:287)
	at org.openqa.selenium.support.ui.FluentWait.until(FluentWait.java:203)
	... 25 more
]]>
            </full-stacktrace>
          </exception> <!-- org.openqa.selenium.TimeoutException -->
          <reporter-output>
          </reporter-output>
        </test-method> <!-- AdvancePayment -->
        <test-method is-config="true" signature="aftermethod(org.testng.ITestResult, java.lang.reflect.Method)[pri:0, instance:PCMC_All_Tests.PCMC_alltypepayments@267f474e]" started-at="2024-11-30T14:26:13Z" name="aftermethod" finished-at="2024-11-30T14:26:13Z" duration-ms="155" status="PASS">
          <params>
            <param index="0">
              <value>
                <![CDATA[[TestResult name=AdvancePayment status=FAILURE method=PCMC_alltypepayments.AdvancePayment()[pri:3, instance:PCMC_All_Tests.PCMC_alltypepayments@267f474e] output={null}]]]>
              </value>
            </param>
            <param index="1">
              <value>
                <![CDATA[public void PCMC_All_Tests.PCMC_alltypepayments.AdvancePayment() throws java.lang.Exception]]>
              </value>
            </param>
          </params>
          <reporter-output>
          </reporter-output>
        </test-method> <!-- aftermethod -->
        <test-method signature="chequePayment()[pri:4, instance:PCMC_All_Tests.PCMC_alltypepayments@267f474e]" started-at="2024-11-30T14:26:13Z" name="chequePayment" finished-at="2024-11-30T14:28:22Z" duration-ms="129318" status="PASS">
          <reporter-output>
          </reporter-output>
        </test-method> <!-- chequePayment -->
        <test-method is-config="true" signature="aftermethod(org.testng.ITestResult, java.lang.reflect.Method)[pri:0, instance:PCMC_All_Tests.PCMC_alltypepayments@267f474e]" started-at="2024-11-30T14:28:22Z" name="aftermethod" finished-at="2024-11-30T14:28:23Z" duration-ms="196" status="PASS">
          <params>
            <param index="0">
              <value>
                <![CDATA[[TestResult name=chequePayment status=SUCCESS method=PCMC_alltypepayments.chequePayment()[pri:4, instance:PCMC_All_Tests.PCMC_alltypepayments@267f474e] output={null}]]]>
              </value>
            </param>
            <param index="1">
              <value>
                <![CDATA[public void PCMC_All_Tests.PCMC_alltypepayments.chequePayment() throws java.lang.Exception]]>
              </value>
            </param>
          </params>
          <reporter-output>
          </reporter-output>
        </test-method> <!-- aftermethod -->
        <test-method signature="cheque_fail()[pri:5, instance:PCMC_All_Tests.PCMC_alltypepayments@267f474e]" started-at="2024-11-30T14:28:23Z" name="cheque_fail" finished-at="2024-11-30T14:29:36Z" depends-on-methods="PCMC_All_Tests.PCMC_alltypepayments.chequePayment" duration-ms="73000" status="PASS">
          <reporter-output>
          </reporter-output>
        </test-method> <!-- cheque_fail -->
        <test-method is-config="true" signature="aftermethod(org.testng.ITestResult, java.lang.reflect.Method)[pri:0, instance:PCMC_All_Tests.PCMC_alltypepayments@267f474e]" started-at="2024-11-30T14:29:36Z" name="aftermethod" finished-at="2024-11-30T14:29:36Z" duration-ms="233" status="PASS">
          <params>
            <param index="0">
              <value>
                <![CDATA[[TestResult name=cheque_fail status=SUCCESS method=PCMC_alltypepayments.cheque_fail()[pri:5, instance:PCMC_All_Tests.PCMC_alltypepayments@267f474e] output={null}]]]>
              </value>
            </param>
            <param index="1">
              <value>
                <![CDATA[public void PCMC_All_Tests.PCMC_alltypepayments.cheque_fail() throws java.lang.Exception]]>
              </value>
            </param>
          </params>
          <reporter-output>
          </reporter-output>
        </test-method> <!-- aftermethod -->
        <test-method signature="chequePayment_for_clear()[pri:6, instance:PCMC_All_Tests.PCMC_alltypepayments@267f474e]" started-at="2024-11-30T14:29:36Z" name="chequePayment_for_clear" finished-at="2024-11-30T14:31:51Z" duration-ms="134872" status="PASS">
          <reporter-output>
          </reporter-output>
        </test-method> <!-- chequePayment_for_clear -->
        <test-method is-config="true" signature="aftermethod(org.testng.ITestResult, java.lang.reflect.Method)[pri:0, instance:PCMC_All_Tests.PCMC_alltypepayments@267f474e]" started-at="2024-11-30T14:31:51Z" name="aftermethod" finished-at="2024-11-30T14:31:51Z" duration-ms="223" status="PASS">
          <params>
            <param index="0">
              <value>
                <![CDATA[[TestResult name=chequePayment_for_clear status=SUCCESS method=PCMC_alltypepayments.chequePayment_for_clear()[pri:6, instance:PCMC_All_Tests.PCMC_alltypepayments@267f474e] output={null}]]]>
              </value>
            </param>
            <param index="1">
              <value>
                <![CDATA[public void PCMC_All_Tests.PCMC_alltypepayments.chequePayment_for_clear() throws java.lang.Exception]]>
              </value>
            </param>
          </params>
          <reporter-output>
          </reporter-output>
        </test-method> <!-- aftermethod -->
        <test-method signature="cheque_clear()[pri:7, instance:PCMC_All_Tests.PCMC_alltypepayments@267f474e]" started-at="2024-11-30T14:31:51Z" name="cheque_clear" finished-at="2024-11-30T14:33:15Z" depends-on-methods="PCMC_All_Tests.PCMC_alltypepayments.chequePayment_for_clear" duration-ms="83602" status="PASS">
          <reporter-output>
          </reporter-output>
        </test-method> <!-- cheque_clear -->
        <test-method is-config="true" signature="aftermethod(org.testng.ITestResult, java.lang.reflect.Method)[pri:0, instance:PCMC_All_Tests.PCMC_alltypepayments@267f474e]" started-at="2024-11-30T14:33:15Z" name="aftermethod" finished-at="2024-11-30T14:33:15Z" duration-ms="232" status="PASS">
          <params>
            <param index="0">
              <value>
                <![CDATA[[TestResult name=cheque_clear status=SUCCESS method=PCMC_alltypepayments.cheque_clear()[pri:7, instance:PCMC_All_Tests.PCMC_alltypepayments@267f474e] output={null}]]]>
              </value>
            </param>
            <param index="1">
              <value>
                <![CDATA[public void PCMC_All_Tests.PCMC_alltypepayments.cheque_clear() throws java.lang.Exception]]>
              </value>
            </param>
          </params>
          <reporter-output>
          </reporter-output>
        </test-method> <!-- aftermethod -->
        <test-method signature="Card()[pri:8, instance:PCMC_All_Tests.PCMC_alltypepayments@267f474e]" started-at="2024-11-30T14:33:15Z" name="Card" finished-at="2024-11-30T14:35:52Z" duration-ms="156789" status="FAIL">
          <exception class="org.openqa.selenium.TimeoutException">
            <message>
              <![CDATA[Expected condition failed: waiting for visibility of [[ChromeDriver: chrome on windows (60d4c6429839f2448bc796a7ec2e619c)] -> xpath: //*[@id='form1']/div[3]/nav/div[1]/a/span] (tried for 60 second(s) with 500 milliseconds interval)
Build info: version: '4.19.1', revision: 'abe0ee07dc'
System info: os.name: 'Windows 10', os.arch: 'amd64', os.version: '10.0', java.version: '23'
Driver info: org.openqa.selenium.chrome.ChromeDriver
Capabilities {acceptInsecureCerts: false, browserName: chrome, browserVersion: 131.0.6778.86, chrome: {chromedriverVersion: 131.0.6778.85 (3d81e41b6f3a..., userDataDir: C:\Users\admin\AppData\Loca...}, fedcm:accounts: true, goog:chromeOptions: {debuggerAddress: localhost:57441}, networkConnectionEnabled: false, pageLoadStrategy: normal, platformName: windows, proxy: Proxy(), se:cdp: ws://localhost:57441/devtoo..., se:cdpVersion: 131.0.6778.86, setWindowRect: true, strictFileInteractability: false, timeouts: {implicit: 0, pageLoad: 300000, script: 30000}, unhandledPromptBehavior: dismiss and notify, webauthn:extension:credBlob: true, webauthn:extension:largeBlob: true, webauthn:extension:minPinLength: true, webauthn:extension:prf: true, webauthn:virtualAuthenticators: true}
Session ID: 60d4c6429839f2448bc796a7ec2e619c]]>
            </message>
            <full-stacktrace>
              <![CDATA[org.openqa.selenium.TimeoutException: Expected condition failed: waiting for visibility of [[ChromeDriver: chrome on windows (60d4c6429839f2448bc796a7ec2e619c)] -> xpath: //*[@id='form1']/div[3]/nav/div[1]/a/span] (tried for 60 second(s) with 500 milliseconds interval)
Build info: version: '4.19.1', revision: 'abe0ee07dc'
System info: os.name: 'Windows 10', os.arch: 'amd64', os.version: '10.0', java.version: '23'
Driver info: org.openqa.selenium.chrome.ChromeDriver
Capabilities {acceptInsecureCerts: false, browserName: chrome, browserVersion: 131.0.6778.86, chrome: {chromedriverVersion: 131.0.6778.85 (3d81e41b6f3a..., userDataDir: C:\Users\admin\AppData\Loca...}, fedcm:accounts: true, goog:chromeOptions: {debuggerAddress: localhost:57441}, networkConnectionEnabled: false, pageLoadStrategy: normal, platformName: windows, proxy: Proxy(), se:cdp: ws://localhost:57441/devtoo..., se:cdpVersion: 131.0.6778.86, setWindowRect: true, strictFileInteractability: false, timeouts: {implicit: 0, pageLoad: 300000, script: 30000}, unhandledPromptBehavior: dismiss and notify, webauthn:extension:credBlob: true, webauthn:extension:largeBlob: true, webauthn:extension:minPinLength: true, webauthn:extension:prf: true, webauthn:virtualAuthenticators: true}
Session ID: 60d4c6429839f2448bc796a7ec2e619c
	at org.openqa.selenium.support.ui.WebDriverWait.timeoutException(WebDriverWait.java:84)
	at org.openqa.selenium.support.ui.FluentWait.until(FluentWait.java:228)
	at pom.OfflinePaymentPage.counterPayment(OfflinePaymentPage.java:122)
	at PCMC_All_Tests.PCMC_alltypepayments.Card(PCMC_alltypepayments.java:607)
	at java.base/jdk.internal.reflect.DirectMethodHandleAccessor.invoke(DirectMethodHandleAccessor.java:103)
	at java.base/java.lang.reflect.Method.invoke(Method.java:580)
	at org.testng.internal.MethodInvocationHelper.invokeMethod(MethodInvocationHelper.java:108)
	at org.testng.internal.Invoker.invokeMethod(Invoker.java:661)
	at org.testng.internal.Invoker.invokeTestMethod(Invoker.java:869)
	at org.testng.internal.Invoker.invokeTestMethods(Invoker.java:1193)
	at org.testng.internal.TestMethodWorker.invokeTestMethods(TestMethodWorker.java:126)
	at org.testng.internal.TestMethodWorker.run(TestMethodWorker.java:109)
	at org.testng.TestRunner.privateRun(TestRunner.java:744)
	at org.testng.TestRunner.run(TestRunner.java:602)
	at org.testng.SuiteRunner.runTest(SuiteRunner.java:380)
	at org.testng.SuiteRunner.runSequentially(SuiteRunner.java:375)
	at org.testng.SuiteRunner.privateRun(SuiteRunner.java:340)
	at org.testng.SuiteRunner.run(SuiteRunner.java:289)
	at org.testng.SuiteRunnerWorker.runSuite(SuiteRunnerWorker.java:52)
	at org.testng.SuiteRunnerWorker.run(SuiteRunnerWorker.java:86)
	at org.testng.TestNG.runSuitesSequentially(TestNG.java:1301)
	at org.testng.TestNG.runSuitesLocally(TestNG.java:1226)
	at org.testng.TestNG.runSuites(TestNG.java:1144)
	at org.testng.TestNG.run(TestNG.java:1115)
	at org.testng.remote.AbstractRemoteTestNG.run(AbstractRemoteTestNG.java:115)
	at org.testng.remote.RemoteTestNG.initAndRun(RemoteTestNG.java:293)
	at org.testng.remote.RemoteTestNG.main(RemoteTestNG.java:91)
]]>
            </full-stacktrace>
          </exception> <!-- org.openqa.selenium.TimeoutException -->
          <reporter-output>
          </reporter-output>
        </test-method> <!-- Card -->
        <test-method is-config="true" signature="aftermethod(org.testng.ITestResult, java.lang.reflect.Method)[pri:0, instance:PCMC_All_Tests.PCMC_alltypepayments@267f474e]" started-at="2024-11-30T14:35:52Z" name="aftermethod" finished-at="2024-11-30T14:35:52Z" duration-ms="185" status="PASS">
          <params>
            <param index="0">
              <value>
                <![CDATA[[TestResult name=Card status=FAILURE method=PCMC_alltypepayments.Card()[pri:8, instance:PCMC_All_Tests.PCMC_alltypepayments@267f474e] output={null}]]]>
              </value>
            </param>
            <param index="1">
              <value>
                <![CDATA[public void PCMC_All_Tests.PCMC_alltypepayments.Card() throws java.lang.Exception]]>
              </value>
            </param>
          </params>
          <reporter-output>
          </reporter-output>
        </test-method> <!-- aftermethod -->
        <test-method is-config="true" signature="aftertest()[pri:0, instance:PCMC_All_Tests.PCMC_alltypepayments@267f474e]" started-at="2024-11-30T14:35:52Z" name="aftertest" finished-at="2024-11-30T14:35:52Z" duration-ms="65" status="PASS">
          <reporter-output>
          </reporter-output>
        </test-method> <!-- aftertest -->
      </class> <!-- PCMC_All_Tests.PCMC_alltypepayments -->
    </test> <!-- All Type Payments -->
  </suite> <!-- Suite -->
</testng-results>
