<?xml version="1.0" encoding="UTF-8"?>
<testng-results ignored="5" total="7" passed="2" failed="0" skipped="0">
  <reporter-output>
  </reporter-output>
  <suite started-at="2024-11-09T10:02:47Z" name="Default suite" finished-at="2024-11-09T10:07:20Z" duration-ms="273002">
    <groups>
    </groups>
    <test started-at="2024-11-09T10:02:47Z" name="Default test" finished-at="2024-11-09T10:07:20Z" duration-ms="273002">
      <class name="PCMC_All_Tests.PCMC_alltypepayments">
        <test-method is-config="true" signature="beforetest()[pri:0, instance:PCMC_All_Tests.PCMC_alltypepayments@2eea88a1]" started-at="2024-11-09T15:32:47Z" name="beforetest" finished-at="2024-11-09T15:32:58Z" duration-ms="10850" status="PASS">
          <reporter-output>
          </reporter-output>
        </test-method> <!-- beforetest -->
        <test-method signature="loginPage()[pri:1, instance:PCMC_All_Tests.PCMC_alltypepayments@2eea88a1]" started-at="2024-11-09T15:32:58Z" name="loginPage" finished-at="2024-11-09T15:33:26Z" duration-ms="27945" status="PASS">
          <reporter-output>
          </reporter-output>
        </test-method> <!-- loginPage -->
        <test-method is-config="true" signature="aftermethod(org.testng.ITestResult, java.lang.reflect.Method)[pri:0, instance:PCMC_All_Tests.PCMC_alltypepayments@2eea88a1]" started-at="2024-11-09T15:33:26Z" name="aftermethod" finished-at="2024-11-09T15:33:27Z" duration-ms="823" status="PASS">
          <params>
            <param index="0">
              <value>
                <![CDATA[[TestResult name=loginPage status=SUCCESS method=PCMC_alltypepayments.loginPage()[pri:1, instance:PCMC_All_Tests.PCMC_alltypepayments@2eea88a1] output={null}]]]>
              </value>
            </param>
            <param index="1">
              <value>
                <![CDATA[public void PCMC_All_Tests.PCMC_alltypepayments.loginPage() throws java.lang.InterruptedException]]>
              </value>
            </param>
          </params>
          <reporter-output>
          </reporter-output>
        </test-method> <!-- aftermethod -->
        <test-method signature="Card()[pri:7, instance:PCMC_All_Tests.PCMC_alltypepayments@2eea88a1]" started-at="2024-11-09T15:33:27Z" name="Card" finished-at="2024-11-09T15:37:20Z" duration-ms="233021" status="PASS">
          <reporter-output>
          </reporter-output>
        </test-method> <!-- Card -->
        <test-method is-config="true" signature="aftermethod(org.testng.ITestResult, java.lang.reflect.Method)[pri:0, instance:PCMC_All_Tests.PCMC_alltypepayments@2eea88a1]" started-at="2024-11-09T15:37:20Z" name="aftermethod" finished-at="2024-11-09T15:37:20Z" duration-ms="298" status="PASS">
          <params>
            <param index="0">
              <value>
                <![CDATA[[TestResult name=Card status=SUCCESS method=PCMC_alltypepayments.Card()[pri:7, instance:PCMC_All_Tests.PCMC_alltypepayments@2eea88a1] output={null}]]]>
              </value>
            </param>
            <param index="1">
              <value>
                <![CDATA[public void PCMC_All_Tests.PCMC_alltypepayments.Card() throws java.lang.Exception]]>
              </value>
            </param>
          </params>
          <reporter-output>
          </reporter-output>
        </test-method> <!-- aftermethod -->
        <test-method is-config="true" signature="aftertest()[pri:0, instance:PCMC_All_Tests.PCMC_alltypepayments@2eea88a1]" started-at="2024-11-09T15:37:20Z" name="aftertest" finished-at="2024-11-09T15:37:20Z" duration-ms="33" status="PASS">
          <reporter-output>
          </reporter-output>
        </test-method> <!-- aftertest -->
      </class> <!-- PCMC_All_Tests.PCMC_alltypepayments -->
    </test> <!-- Default test -->
  </suite> <!-- Default suite -->
</testng-results>
