<?xml version="1.0" encoding="UTF-8"?>
<testng-results ignored="0" total="2" passed="2" failed="0" skipped="0">
  <reporter-output>
  </reporter-output>
  <suite started-at="2024-11-13T20:58:28 IST" name="Suite" finished-at="2024-11-13T20:59:55 IST" duration-ms="87791">
    <groups>
    </groups>
    <test started-at="2024-11-13T20:58:28 IST" name="Login" finished-at="2024-11-13T20:58:41 IST" duration-ms="13243">
      <class name="New_property_Wadhghat.Login">
        <test-method is-config="true" signature="beforetest()[pri:0, instance:New_property_Wadhghat.Login@3c41ed1d]" started-at="2024-11-13T20:58:28 IST" name="beforetest" finished-at="2024-11-13T20:58:30 IST" duration-ms="2574" status="PASS">
          <reporter-output>
          </reporter-output>
        </test-method> <!-- beforetest -->
        <test-method signature="loginPage()[pri:1, instance:New_property_Wadhghat.Login@3c41ed1d]" started-at="2024-11-13T20:58:30 IST" name="loginPage" finished-at="2024-11-13T20:58:41 IST" duration-ms="10620" status="PASS">
          <reporter-output>
          </reporter-output>
        </test-method> <!-- loginPage -->
      </class> <!-- New_property_Wadhghat.Login -->
    </test> <!-- Login -->
    <test started-at="2024-11-13T20:58:41 IST" name="CollectionReport" finished-at="2024-11-13T20:59:55 IST" duration-ms="74505">
      <class name="Reports.CollectionReports">
        <test-method signature="collectiontest()[pri:2, instance:Reports.CollectionReports@463b4ac8]" started-at="2024-11-13T20:58:41 IST" name="collectiontest" finished-at="2024-11-13T20:59:55 IST" duration-ms="74177" status="PASS">
          <reporter-output>
          </reporter-output>
        </test-method> <!-- collectiontest -->
        <test-method is-config="true" signature="tearDown()[pri:0, instance:Reports.CollectionReports@463b4ac8]" started-at="2024-11-13T20:59:55 IST" name="tearDown" finished-at="2024-11-13T20:59:55 IST" duration-ms="320" status="PASS">
          <reporter-output>
          </reporter-output>
        </test-method> <!-- tearDown -->
      </class> <!-- Reports.CollectionReports -->
    </test> <!-- CollectionReport -->
  </suite> <!-- Suite -->
</testng-results>
