<?xml version="1.0" encoding="UTF-8"?>
<testng-results ignored="6" total="9" passed="3" failed="0" skipped="0">
  <reporter-output>
  </reporter-output>
  <suite started-at="2024-11-22T10:16:50Z" name="Default suite" finished-at="2024-11-22T10:21:02Z" duration-ms="251734">
    <groups>
    </groups>
    <test started-at="2024-11-22T10:16:50Z" name="Default test" finished-at="2024-11-22T10:21:02Z" duration-ms="251734">
      <class name="New_property_Wadhghat.Change_Area_Correction">
        <test-method is-config="true" signature="beforetest()[pri:0, instance:New_property_Wadhghat.Change_Area_Correction@a8ef162]" started-at="2024-11-22T15:46:50Z" name="beforetest" finished-at="2024-11-22T15:46:58Z" duration-ms="8062" status="PASS">
          <reporter-output>
          </reporter-output>
        </test-method> <!-- beforetest -->
        <test-method signature="loginPage()[pri:1, instance:New_property_Wadhghat.Change_Area_Correction@a8ef162]" started-at="2024-11-22T15:46:58Z" name="loginPage" finished-at="2024-11-22T15:47:20Z" duration-ms="21650" status="PASS">
          <reporter-output>
          </reporter-output>
        </test-method> <!-- loginPage -->
        <test-method is-config="true" signature="aftermethod(org.testng.ITestResult, java.lang.reflect.Method)[pri:0, instance:New_property_Wadhghat.Change_Area_Correction@a8ef162]" started-at="2024-11-22T15:47:20Z" name="aftermethod" finished-at="2024-11-22T15:47:21Z" duration-ms="829" status="PASS">
          <params>
            <param index="0">
              <value>
                <![CDATA[[TestResult name=loginPage status=SUCCESS method=Change_Area_Correction.loginPage()[pri:1, instance:New_property_Wadhghat.Change_Area_Correction@a8ef162] output={null}]]]>
              </value>
            </param>
            <param index="1">
              <value>
                <![CDATA[public void New_property_Wadhghat.Change_Area_Correction.loginPage() throws java.lang.InterruptedException]]>
              </value>
            </param>
          </params>
          <reporter-output>
          </reporter-output>
        </test-method> <!-- aftermethod -->
        <test-method signature="WadhghatApproval()[pri:7, instance:New_property_Wadhghat.Change_Area_Correction@a8ef162]" started-at="2024-11-22T15:47:21Z" name="WadhghatApproval" finished-at="2024-11-22T15:48:12Z" duration-ms="50723" status="PASS">
          <reporter-output>
          </reporter-output>
        </test-method> <!-- WadhghatApproval -->
        <test-method is-config="true" signature="aftermethod(org.testng.ITestResult, java.lang.reflect.Method)[pri:0, instance:New_property_Wadhghat.Change_Area_Correction@a8ef162]" started-at="2024-11-22T15:48:12Z" name="aftermethod" finished-at="2024-11-22T15:48:12Z" duration-ms="271" status="PASS">
          <params>
            <param index="0">
              <value>
                <![CDATA[[TestResult name=WadhghatApproval status=SUCCESS method=Change_Area_Correction.WadhghatApproval()[pri:7, instance:New_property_Wadhghat.Change_Area_Correction@a8ef162] output={null}]]]>
              </value>
            </param>
            <param index="1">
              <value>
                <![CDATA[public void New_property_Wadhghat.Change_Area_Correction.WadhghatApproval() throws java.lang.Exception]]>
              </value>
            </param>
          </params>
          <reporter-output>
          </reporter-output>
        </test-method> <!-- aftermethod -->
        <test-method signature="councilapproval()[pri:8, instance:New_property_Wadhghat.Change_Area_Correction@a8ef162]" started-at="2024-11-22T15:48:12Z" name="councilapproval" finished-at="2024-11-22T15:51:02Z" duration-ms="169795" status="PASS">
          <reporter-output>
          </reporter-output>
        </test-method> <!-- councilapproval -->
        <test-method is-config="true" signature="aftermethod(org.testng.ITestResult, java.lang.reflect.Method)[pri:0, instance:New_property_Wadhghat.Change_Area_Correction@a8ef162]" started-at="2024-11-22T15:51:02Z" name="aftermethod" finished-at="2024-11-22T15:51:02Z" duration-ms="373" status="PASS">
          <params>
            <param index="0">
              <value>
                <![CDATA[[TestResult name=councilapproval status=SUCCESS method=Change_Area_Correction.councilapproval()[pri:8, instance:New_property_Wadhghat.Change_Area_Correction@a8ef162] output={null}]]]>
              </value>
            </param>
            <param index="1">
              <value>
                <![CDATA[private void New_property_Wadhghat.Change_Area_Correction.councilapproval() throws java.lang.Exception]]>
              </value>
            </param>
          </params>
          <reporter-output>
          </reporter-output>
        </test-method> <!-- aftermethod -->
      </class> <!-- New_property_Wadhghat.Change_Area_Correction -->
    </test> <!-- Default test -->
  </suite> <!-- Default suite -->
</testng-results>
